HTTP status 200 ResTime 4.459 ms GET /report/65362f5401f9597b1b060752/dream_keyword_chart?startTime=1703001600000&endTime=1705680000000
HTTP status 200 ResTime 5.473 ms GET /report/65362f5401f9597b1b060752/memo_keyword_chart?startTime=1703001600000&endTime=1705680000000
HTTP status 200 ResTime 3.572 ms GET /users/refresh
HTTP status 304 ResTime 3.232 ms GET /users/refresh
HTTP status 200 ResTime 10.140 ms GET /report/65362f5401f9597b1b060752/dream_keyword_chart?startTime=1703001600000&endTime=1705680000000
HTTP status 200 ResTime 15.561 ms GET /report/65362f5401f9597b1b060752/memo_keyword_chart?startTime=1703001600000&endTime=1705680000000
HTTP status 200 ResTime 21.043 ms GET /report/65362f5401f9597b1b060752/score_pie_chart?startTime=1703001600000&endTime=1705680000000
HTTP status 200 ResTime 31.156 ms GET /report/65362f5401f9597b1b060752/score_line_chart?startTime=1703001600000&endTime=1705680000000
HTTP status 200 ResTime 39.692 ms GET /report/65362f5401f9597b1b060752/score_day_bar?startTime=1703001600000&endTime=1705680000000
HTTP status 200 ResTime 50.725 ms GET /report/65362f5401f9597b1b060752/sleep_line_chart?startTime=1703001600000&endTime=1705680000000
HTTP status 200 ResTime 25.949 ms GET /report/65362f5401f9597b1b060752/tags_score_chart?startTime=1703001600000&endTime=1705680000000
HTTP status 200 ResTime 28.474 ms GET /report/65362f5401f9597b1b060752/kol_score_chart?startTime=1703001600000&endTime=1705680000000
HTTP status 200 ResTime 14.668 ms GET /feeling/65362f5401f9597b1b060752?startTime=1705679999995&endTime=1705680000005
HTTP status 304 ResTime 18.430 ms GET /feeling/65362f5401f9597b1b060752/options?type=
HTTP status 304 ResTime 25.680 ms GET /feeling/65362f5401f9597b1b060752?startTime=1704038400000&endTime=1706630400000
HTTP status 200 ResTime 26.707 ms GET /common/65362f5401f9597b1b060752/essay
HTTP status 200 ResTime 45.670 ms POST /users/login
HTTP status 200 ResTime 17.456 ms GET /feeling/65362f5401f9597b1b060752?startTime=1705679999995&endTime=1705680000005
HTTP status 304 ResTime 19.617 ms GET /feeling/65362f5401f9597b1b060752/options?type=
HTTP status 304 ResTime 21.490 ms GET /feeling/65362f5401f9597b1b060752?startTime=1704038400000&endTime=1706630400000
HTTP status 200 ResTime 25.166 ms GET /common/65362f5401f9597b1b060752/essay
HTTP status 200 ResTime 18.931 ms GET /report/65362f5401f9597b1b060752/score_pie_chart?startTime=1703001600000&endTime=1705680000000
HTTP status 200 ResTime 24.074 ms GET /report/65362f5401f9597b1b060752/score_line_chart?startTime=1703001600000&endTime=1705680000000
HTTP status 200 ResTime 31.300 ms GET /report/65362f5401f9597b1b060752/score_day_bar?startTime=1703001600000&endTime=1705680000000
HTTP status 200 ResTime 29.838 ms GET /report/65362f5401f9597b1b060752/tags_score_chart?startTime=1703001600000&endTime=1705680000000
HTTP status 200 ResTime 33.028 ms GET /report/65362f5401f9597b1b060752/kol_score_chart?startTime=1703001600000&endTime=1705680000000
HTTP status 200 ResTime 49.803 ms GET /report/65362f5401f9597b1b060752/sleep_line_chart?startTime=1703001600000&endTime=1705680000000
HTTP status 200 ResTime 14.421 ms GET /report/65362f5401f9597b1b060752/score_pie_chart?startTime=1674144000000&endTime=1705680000000
HTTP status 200 ResTime 18.171 ms GET /report/65362f5401f9597b1b060752/score_line_chart?startTime=1674144000000&endTime=1705680000000
HTTP status 200 ResTime 24.420 ms GET /report/65362f5401f9597b1b060752/score_day_bar?startTime=1674144000000&endTime=1705680000000
HTTP status 200 ResTime 24.378 ms GET /report/65362f5401f9597b1b060752/sleep_line_chart?startTime=1674144000000&endTime=1705680000000
HTTP status 200 ResTime 26.293 ms GET /report/65362f5401f9597b1b060752/kol_score_chart?startTime=1674144000000&endTime=1705680000000
HTTP status 200 ResTime 30.734 ms GET /report/65362f5401f9597b1b060752/tags_score_chart?startTime=1674144000000&endTime=1705680000000
HTTP status 200 ResTime 2.978 ms GET /report/65362f5401f9597b1b060752/dream_keyword_chart?startTime=1703001600000&endTime=1705680000000
HTTP status 200 ResTime 3.514 ms GET /report/65362f5401f9597b1b060752/memo_keyword_chart?startTime=1703001600000&endTime=1705680000000
HTTP status 200 ResTime 2.224 ms GET /users/refresh
HTTP status 304 ResTime 1.859 ms GET /users/refresh
HTTP status 200 ResTime 127.928 ms GET /report/65362f5401f9597b1b060752/dream_keyword_chart?startTime=1703001600000&endTime=1705680000000
HTTP status 200 ResTime 131.664 ms GET /report/65362f5401f9597b1b060752/memo_keyword_chart?startTime=1703001600000&endTime=1705680000000
HTTP status 200 ResTime 6.992 ms GET /report/65362f5401f9597b1b060752/dream_keyword_chart?startTime=1674144000000&endTime=1705680000000
HTTP status 200 ResTime 10.910 ms GET /report/65362f5401f9597b1b060752/memo_keyword_chart?startTime=1674144000000&endTime=1705680000000
HTTP status 304 ResTime 6.243 ms GET /report/65362f5401f9597b1b060752/dream_keyword_chart?startTime=1703001600000&endTime=1705680000000
HTTP status 304 ResTime 8.948 ms GET /report/65362f5401f9597b1b060752/memo_keyword_chart?startTime=1703001600000&endTime=1705680000000
HTTP status 200 ResTime 5.115 ms GET /report/65362f5401f9597b1b060752/dream_keyword_chart?startTime=1703001600000&endTime=1705680000000
HTTP status 200 ResTime 5.645 ms GET /report/65362f5401f9597b1b060752/memo_keyword_chart?startTime=1703001600000&endTime=1705680000000
HTTP status 200 ResTime 4.726 ms GET /users/refresh
HTTP status 304 ResTime 3.588 ms GET /users/refresh
HTTP status 200 ResTime 12.543 ms GET /report/65362f5401f9597b1b060752/dream_keyword_chart?startTime=1703001600000&endTime=1705680000000
HTTP status 200 ResTime 13.427 ms GET /report/65362f5401f9597b1b060752/memo_keyword_chart?startTime=1703001600000&endTime=1705680000000
HTTP status 304 ResTime 15.996 ms GET /report/65362f5401f9597b1b060752/score_pie_chart?startTime=1703001600000&endTime=1705680000000
HTTP status 304 ResTime 17.264 ms GET /report/65362f5401f9597b1b060752/score_line_chart?startTime=1703001600000&endTime=1705680000000
HTTP status 304 ResTime 25.342 ms GET /report/65362f5401f9597b1b060752/score_day_bar?startTime=1703001600000&endTime=1705680000000
HTTP status 304 ResTime 29.785 ms GET /report/65362f5401f9597b1b060752/sleep_line_chart?startTime=1703001600000&endTime=1705680000000
HTTP status 304 ResTime 34.776 ms GET /report/65362f5401f9597b1b060752/tags_score_chart?startTime=1703001600000&endTime=1705680000000
HTTP status 304 ResTime 46.815 ms GET /report/65362f5401f9597b1b060752/kol_score_chart?startTime=1703001600000&endTime=1705680000000
HTTP status 304 ResTime 18.032 ms GET /feeling/65362f5401f9597b1b060752?startTime=1705679999995&endTime=1705680000005
HTTP status 304 ResTime 19.908 ms GET /feeling/65362f5401f9597b1b060752/options?type=
HTTP status 304 ResTime 10.992 ms GET /feeling/65362f5401f9597b1b060752?startTime=1704038400000&endTime=1706630400000
HTTP status 200 ResTime 16.658 ms GET /common/65362f5401f9597b1b060752/essay
HTTP status 304 ResTime 13.481 ms GET /report/65362f5401f9597b1b060752/score_pie_chart?startTime=1703001600000&endTime=1705680000000
HTTP status 304 ResTime 14.969 ms GET /report/65362f5401f9597b1b060752/score_line_chart?startTime=1703001600000&endTime=1705680000000
HTTP status 304 ResTime 16.797 ms GET /report/65362f5401f9597b1b060752/score_day_bar?startTime=1703001600000&endTime=1705680000000
HTTP status 304 ResTime 20.083 ms GET /report/65362f5401f9597b1b060752/sleep_line_chart?startTime=1703001600000&endTime=1705680000000
HTTP status 304 ResTime 24.578 ms GET /report/65362f5401f9597b1b060752/tags_score_chart?startTime=1703001600000&endTime=1705680000000
HTTP status 304 ResTime 33.224 ms GET /report/65362f5401f9597b1b060752/kol_score_chart?startTime=1703001600000&endTime=1705680000000
HTTP status 200 ResTime 23.446 ms POST /users/login
HTTP status 200 ResTime 25.093 ms GET /feeling/65362f5401f9597b1b060752?startTime=1705766399995&endTime=1705766400005
HTTP status 304 ResTime 29.957 ms GET /feeling/65362f5401f9597b1b060752/options?type=
HTTP status 304 ResTime 24.203 ms GET /feeling/65362f5401f9597b1b060752?startTime=1704038400000&endTime=1706630400000
HTTP status 200 ResTime 26.876 ms GET /common/65362f5401f9597b1b060752/essay
HTTP status 200 ResTime 6.534 ms GET /feeling/65362f5401f9597b1b060752?startTime=1705593599995&endTime=1705593600005
HTTP status 200 ResTime 39.244 ms POST /feeling/65362f5401f9597b1b060752
HTTP status 200 ResTime 7.327 ms GET /feeling/65362f5401f9597b1b060752?startTime=1705593599995&endTime=1705593600005
HTTP status 200 ResTime 11.088 ms GET /feeling/65362f5401f9597b1b060752?startTime=1704038400000&endTime=1706630400000
HTTP status 304 ResTime 7.961 ms GET /feeling/65362f5401f9597b1b060752?startTime=1705593599995&endTime=1705593600005
HTTP status 200 ResTime 15.473 ms GET /report/65362f5401f9597b1b060752/score_pie_chart?startTime=1703088000000&endTime=1705766400000
HTTP status 200 ResTime 19.681 ms GET /report/65362f5401f9597b1b060752/score_line_chart?startTime=1703088000000&endTime=1705766400000
HTTP status 200 ResTime 27.435 ms GET /report/65362f5401f9597b1b060752/score_day_bar?startTime=1703088000000&endTime=1705766400000
HTTP status 200 ResTime 32.486 ms GET /report/65362f5401f9597b1b060752/sleep_line_chart?startTime=1703088000000&endTime=1705766400000
HTTP status 200 ResTime 38.787 ms GET /report/65362f5401f9597b1b060752/tags_score_chart?startTime=1703088000000&endTime=1705766400000
HTTP status 200 ResTime 21.959 ms GET /report/65362f5401f9597b1b060752/kol_score_chart?startTime=1703088000000&endTime=1705766400000
HTTP status 200 ResTime 7.570 ms GET /report/65362f5401f9597b1b060752/score_pie_chart?startTime=1674230400000&endTime=1705766400000
HTTP status 200 ResTime 20.856 ms GET /report/65362f5401f9597b1b060752/score_day_bar?startTime=1674230400000&endTime=1705766400000
HTTP status 200 ResTime 25.414 ms GET /report/65362f5401f9597b1b060752/score_line_chart?startTime=1674230400000&endTime=1705766400000
HTTP status 200 ResTime 24.913 ms GET /report/65362f5401f9597b1b060752/sleep_line_chart?startTime=1674230400000&endTime=1705766400000
HTTP status 200 ResTime 29.781 ms GET /report/65362f5401f9597b1b060752/tags_score_chart?startTime=1674230400000&endTime=1705766400000
HTTP status 200 ResTime 32.027 ms GET /report/65362f5401f9597b1b060752/kol_score_chart?startTime=1674230400000&endTime=1705766400000
HTTP status 200 ResTime 4.200 ms GET /report/65362f5401f9597b1b060752/dream_keyword_chart?startTime=1703088000000&endTime=1705766400000
HTTP status 200 ResTime 2.731 ms GET /report/65362f5401f9597b1b060752/memo_keyword_chart?startTime=1703088000000&endTime=1705766400000
HTTP status 200 ResTime 2.130 ms GET /users/refresh
HTTP status 304 ResTime 1.913 ms GET /users/refresh
HTTP status 200 ResTime 82.819 ms GET /report/65362f5401f9597b1b060752/dream_keyword_chart?startTime=1703088000000&endTime=1705766400000
HTTP status 200 ResTime 86.374 ms GET /report/65362f5401f9597b1b060752/memo_keyword_chart?startTime=1703088000000&endTime=1705766400000
HTTP status 200 ResTime 7.165 ms GET /report/65362f5401f9597b1b060752/dream_keyword_chart?startTime=1674230400000&endTime=1705766400000
HTTP status 200 ResTime 11.720 ms GET /report/65362f5401f9597b1b060752/memo_keyword_chart?startTime=1674230400000&endTime=1705766400000
HTTP status 200 ResTime 2.619 ms GET /report/65362f5401f9597b1b060752/dream_keyword_chart?startTime=1703088000000&endTime=1705766400000
HTTP status 200 ResTime 3.192 ms GET /report/65362f5401f9597b1b060752/memo_keyword_chart?startTime=1703088000000&endTime=1705766400000
HTTP status 200 ResTime 1.839 ms GET /users/refresh
HTTP status 304 ResTime 3.919 ms GET /users/refresh
HTTP status 200 ResTime 5.742 ms GET /report/65362f5401f9597b1b060752/dream_keyword_chart?startTime=1703088000000&endTime=1705766400000
HTTP status 200 ResTime 4.758 ms GET /report/65362f5401f9597b1b060752/memo_keyword_chart?startTime=1703088000000&endTime=1705766400000
HTTP status 304 ResTime 18.080 ms GET /report/65362f5401f9597b1b060752/score_pie_chart?startTime=1703088000000&endTime=1705766400000
HTTP status 304 ResTime 21.373 ms GET /report/65362f5401f9597b1b060752/score_line_chart?startTime=1703088000000&endTime=1705766400000
HTTP status 304 ResTime 24.981 ms GET /report/65362f5401f9597b1b060752/score_day_bar?startTime=1703088000000&endTime=1705766400000
HTTP status 304 ResTime 28.001 ms GET /report/65362f5401f9597b1b060752/sleep_line_chart?startTime=1703088000000&endTime=1705766400000
HTTP status 304 ResTime 26.029 ms GET /report/65362f5401f9597b1b060752/tags_score_chart?startTime=1703088000000&endTime=1705766400000
HTTP status 304 ResTime 29.695 ms GET /report/65362f5401f9597b1b060752/kol_score_chart?startTime=1703088000000&endTime=1705766400000
HTTP status 304 ResTime 9.197 ms GET /report/65362f5401f9597b1b060752/score_pie_chart?startTime=1674230400000&endTime=1705766400000
HTTP status 304 ResTime 15.272 ms GET /report/65362f5401f9597b1b060752/score_line_chart?startTime=1674230400000&endTime=1705766400000
HTTP status 304 ResTime 18.517 ms GET /report/65362f5401f9597b1b060752/score_day_bar?startTime=1674230400000&endTime=1705766400000
HTTP status 304 ResTime 21.392 ms GET /report/65362f5401f9597b1b060752/sleep_line_chart?startTime=1674230400000&endTime=1705766400000
HTTP status 304 ResTime 20.940 ms GET /report/65362f5401f9597b1b060752/tags_score_chart?startTime=1674230400000&endTime=1705766400000
HTTP status 304 ResTime 22.736 ms GET /report/65362f5401f9597b1b060752/kol_score_chart?startTime=1674230400000&endTime=1705766400000
HTTP status 304 ResTime 5.262 ms GET /feeling/65362f5401f9597b1b060752?startTime=1705766399995&endTime=1705766400005
HTTP status 304 ResTime 8.876 ms GET /feeling/65362f5401f9597b1b060752/options?type=
HTTP status 304 ResTime 14.169 ms GET /feeling/65362f5401f9597b1b060752?startTime=1704038400000&endTime=1706630400000
HTTP status 200 ResTime 17.174 ms GET /common/65362f5401f9597b1b060752/essay
HTTP status 200 ResTime 1.405 ms GET /feeling/65362f5401f9597b1b060752?startTime=1704729599995&endTime=1704729600005
HTTP status 200 ResTime 2.431 ms GET /users/refresh
HTTP status 200 ResTime 5.369 ms GET /feeling/65362f5401f9597b1b060752?startTime=1704729599995&endTime=1704729600005
HTTP status 304 ResTime 5.262 ms GET /feeling/65362f5401f9597b1b060752?startTime=1704729599995&endTime=1704729600005
HTTP status 200 ResTime 3.379 ms GET /report/65362f5401f9597b1b060752/score_pie_chart?startTime=1703088000000&endTime=1705766400000
HTTP status 200 ResTime 6.034 ms GET /report/65362f5401f9597b1b060752/score_line_chart?startTime=1703088000000&endTime=1705766400000
HTTP status 200 ResTime 4.503 ms GET /report/65362f5401f9597b1b060752/score_day_bar?startTime=1703088000000&endTime=1705766400000
HTTP status 200 ResTime 7.379 ms GET /report/65362f5401f9597b1b060752/sleep_line_chart?startTime=1703088000000&endTime=1705766400000
HTTP status 200 ResTime 4.171 ms GET /report/65362f5401f9597b1b060752/tags_score_chart?startTime=1703088000000&endTime=1705766400000
HTTP status 200 ResTime 5.446 ms GET /report/65362f5401f9597b1b060752/kol_score_chart?startTime=1703088000000&endTime=1705766400000
HTTP status 200 ResTime 2.492 ms GET /users/refresh
HTTP status 304 ResTime 3.500 ms GET /users/refresh
HTTP status 304 ResTime 1.862 ms GET /users/refresh
HTTP status 304 ResTime 4.429 ms GET /users/refresh
HTTP status 200 ResTime 8.899 ms GET /report/65362f5401f9597b1b060752/score_pie_chart?startTime=1703088000000&endTime=1705766400000
HTTP status 304 ResTime 3.324 ms GET /users/refresh
HTTP status 200 ResTime 11.932 ms GET /report/65362f5401f9597b1b060752/score_line_chart?startTime=1703088000000&endTime=1705766400000
HTTP status 200 ResTime 12.330 ms GET /report/65362f5401f9597b1b060752/score_day_bar?startTime=1703088000000&endTime=1705766400000
HTTP status 200 ResTime 13.084 ms GET /report/65362f5401f9597b1b060752/sleep_line_chart?startTime=1703088000000&endTime=1705766400000
HTTP status 304 ResTime 5.207 ms GET /users/refresh
HTTP status 200 ResTime 4.468 ms GET /report/65362f5401f9597b1b060752/tags_score_chart?startTime=1703088000000&endTime=1705766400000
HTTP status 200 ResTime 5.504 ms GET /report/65362f5401f9597b1b060752/kol_score_chart?startTime=1703088000000&endTime=1705766400000
HTTP status 304 ResTime 11.248 ms GET /report/65362f5401f9597b1b060752/score_pie_chart?startTime=1674230400000&endTime=1705766400000
HTTP status 304 ResTime 13.707 ms GET /report/65362f5401f9597b1b060752/score_line_chart?startTime=1674230400000&endTime=1705766400000
HTTP status 304 ResTime 19.907 ms GET /report/65362f5401f9597b1b060752/score_day_bar?startTime=1674230400000&endTime=1705766400000
HTTP status 304 ResTime 24.836 ms GET /report/65362f5401f9597b1b060752/sleep_line_chart?startTime=1674230400000&endTime=1705766400000
HTTP status 304 ResTime 29.655 ms GET /report/65362f5401f9597b1b060752/kol_score_chart?startTime=1674230400000&endTime=1705766400000
HTTP status 304 ResTime 27.416 ms GET /report/65362f5401f9597b1b060752/tags_score_chart?startTime=1674230400000&endTime=1705766400000
HTTP status 304 ResTime 7.125 ms GET /report/65362f5401f9597b1b060752/dream_keyword_chart?startTime=1703088000000&endTime=1705766400000
HTTP status 304 ResTime 8.825 ms GET /report/65362f5401f9597b1b060752/memo_keyword_chart?startTime=1703088000000&endTime=1705766400000
HTTP status 304 ResTime 5.512 ms GET /report/65362f5401f9597b1b060752/dream_keyword_chart?startTime=1674230400000&endTime=1705766400000
HTTP status 304 ResTime 8.273 ms GET /report/65362f5401f9597b1b060752/memo_keyword_chart?startTime=1674230400000&endTime=1705766400000
HTTP status 404 ResTime 17.045 ms GET /favicon.ico
HTTP status 200 ResTime 2.938 ms GET /report/65362f5401f9597b1b060752/dream_keyword_chart?startTime=1703088000000&endTime=1705766400000
HTTP status 200 ResTime 3.864 ms GET /report/65362f5401f9597b1b060752/memo_keyword_chart?startTime=1703088000000&endTime=1705766400000
HTTP status 200 ResTime 2.357 ms GET /users/refresh
HTTP status 304 ResTime 2.807 ms GET /users/refresh
HTTP status 200 ResTime 7.302 ms GET /report/65362f5401f9597b1b060752/dream_keyword_chart?startTime=1703088000000&endTime=1705766400000
HTTP status 200 ResTime 7.607 ms GET /report/65362f5401f9597b1b060752/memo_keyword_chart?startTime=1703088000000&endTime=1705766400000
HTTP status 304 ResTime 11.231 ms GET /report/65362f5401f9597b1b060752/score_pie_chart?startTime=1703088000000&endTime=1705766400000
HTTP status 304 ResTime 18.124 ms GET /report/65362f5401f9597b1b060752/score_line_chart?startTime=1703088000000&endTime=1705766400000
HTTP status 304 ResTime 24.524 ms GET /report/65362f5401f9597b1b060752/score_day_bar?startTime=1703088000000&endTime=1705766400000
HTTP status 304 ResTime 19.349 ms GET /report/65362f5401f9597b1b060752/sleep_line_chart?startTime=1703088000000&endTime=1705766400000
HTTP status 304 ResTime 21.680 ms GET /report/65362f5401f9597b1b060752/tags_score_chart?startTime=1703088000000&endTime=1705766400000
HTTP status 304 ResTime 24.917 ms GET /report/65362f5401f9597b1b060752/kol_score_chart?startTime=1703088000000&endTime=1705766400000
HTTP status 304 ResTime 5.963 ms GET /feeling/65362f5401f9597b1b060752?startTime=1705766399995&endTime=1705766400005
HTTP status 304 ResTime 14.334 ms GET /feeling/65362f5401f9597b1b060752/options?type=
HTTP status 304 ResTime 17.604 ms GET /feeling/65362f5401f9597b1b060752?startTime=1704038400000&endTime=1706630400000
HTTP status 200 ResTime 20.183 ms GET /common/65362f5401f9597b1b060752/essay
HTTP status 200 ResTime 2.519 ms GET /report/65362f5401f9597b1b060752/dream_keyword_chart?startTime=1703088000000&endTime=1705766400000
HTTP status 200 ResTime 3.659 ms GET /report/65362f5401f9597b1b060752/memo_keyword_chart?startTime=1703088000000&endTime=1705766400000
HTTP status 200 ResTime 2.138 ms GET /users/refresh
HTTP status 304 ResTime 2.281 ms GET /users/refresh
HTTP status 200 ResTime 6.943 ms GET /report/65362f5401f9597b1b060752/dream_keyword_chart?startTime=1703088000000&endTime=1705766400000
HTTP status 200 ResTime 7.423 ms GET /report/65362f5401f9597b1b060752/memo_keyword_chart?startTime=1703088000000&endTime=1705766400000
HTTP status 304 ResTime 9.868 ms GET /report/65362f5401f9597b1b060752/score_pie_chart?startTime=1703088000000&endTime=1705766400000
HTTP status 304 ResTime 12.340 ms GET /report/65362f5401f9597b1b060752/score_line_chart?startTime=1703088000000&endTime=1705766400000
HTTP status 304 ResTime 14.293 ms GET /report/65362f5401f9597b1b060752/score_day_bar?startTime=1703088000000&endTime=1705766400000
HTTP status 304 ResTime 14.117 ms GET /report/65362f5401f9597b1b060752/sleep_line_chart?startTime=1703088000000&endTime=1705766400000
HTTP status 304 ResTime 15.667 ms GET /report/65362f5401f9597b1b060752/tags_score_chart?startTime=1703088000000&endTime=1705766400000
HTTP status 304 ResTime 17.093 ms GET /report/65362f5401f9597b1b060752/kol_score_chart?startTime=1703088000000&endTime=1705766400000
HTTP status 200 ResTime 5.148 ms GET /report/65362f5401f9597b1b060752/memo_keyword_chart?startTime=1703088000000&endTime=1705766400000
HTTP status 200 ResTime 6.209 ms GET /report/65362f5401f9597b1b060752/dream_keyword_chart?startTime=1703088000000&endTime=1705766400000
HTTP status 200 ResTime 4.310 ms GET /users/refresh
HTTP status 304 ResTime 4.949 ms GET /users/refresh
HTTP status 200 ResTime 9.721 ms GET /report/65362f5401f9597b1b060752/memo_keyword_chart?startTime=1703088000000&endTime=1705766400000
HTTP status 200 ResTime 8.989 ms GET /report/65362f5401f9597b1b060752/dream_keyword_chart?startTime=1703088000000&endTime=1705766400000
HTTP status 304 ResTime 10.255 ms GET /report/65362f5401f9597b1b060752/score_pie_chart?startTime=1703088000000&endTime=1705766400000
HTTP status 304 ResTime 19.250 ms GET /report/65362f5401f9597b1b060752/score_line_chart?startTime=1703088000000&endTime=1705766400000
HTTP status 304 ResTime 18.348 ms GET /report/65362f5401f9597b1b060752/score_day_bar?startTime=1703088000000&endTime=1705766400000
HTTP status 304 ResTime 16.236 ms GET /report/65362f5401f9597b1b060752/sleep_line_chart?startTime=1703088000000&endTime=1705766400000
HTTP status 304 ResTime 18.861 ms GET /report/65362f5401f9597b1b060752/tags_score_chart?startTime=1703088000000&endTime=1705766400000
HTTP status 304 ResTime 20.980 ms GET /report/65362f5401f9597b1b060752/kol_score_chart?startTime=1703088000000&endTime=1705766400000
HTTP status 304 ResTime 8.940 ms GET /feeling/65362f5401f9597b1b060752?startTime=1705766399995&endTime=1705766400005
HTTP status 304 ResTime 11.875 ms GET /feeling/65362f5401f9597b1b060752/options?type=
HTTP status 304 ResTime 14.079 ms GET /feeling/65362f5401f9597b1b060752?startTime=1704038400000&endTime=1706630400000
HTTP status 200 ResTime 16.448 ms GET /common/65362f5401f9597b1b060752/essay
HTTP status 200 ResTime 4.572 ms GET /report/65362f5401f9597b1b060752/score_pie_chart?startTime=1703088000000&endTime=1705766400000
HTTP status 200 ResTime 6.252 ms GET /report/65362f5401f9597b1b060752/score_line_chart?startTime=1703088000000&endTime=1705766400000
HTTP status 200 ResTime 12.422 ms GET /report/65362f5401f9597b1b060752/score_day_bar?startTime=1703088000000&endTime=1705766400000
HTTP status 200 ResTime 7.469 ms GET /report/65362f5401f9597b1b060752/sleep_line_chart?startTime=1703088000000&endTime=1705766400000
HTTP status 200 ResTime 9.225 ms GET /report/65362f5401f9597b1b060752/tags_score_chart?startTime=1703088000000&endTime=1705766400000
HTTP status 200 ResTime 11.411 ms GET /report/65362f5401f9597b1b060752/kol_score_chart?startTime=1703088000000&endTime=1705766400000
HTTP status 200 ResTime 3.834 ms GET /users/refresh
HTTP status 304 ResTime 3.561 ms GET /users/refresh
HTTP status 304 ResTime 3.817 ms GET /users/refresh
HTTP status 304 ResTime 7.267 ms GET /users/refresh
HTTP status 200 ResTime 16.810 ms GET /report/65362f5401f9597b1b060752/score_pie_chart?startTime=1703088000000&endTime=1705766400000
HTTP status 304 ResTime 7.041 ms GET /users/refresh
HTTP status 200 ResTime 24.581 ms GET /report/65362f5401f9597b1b060752/score_line_chart?startTime=1703088000000&endTime=1705766400000
HTTP status 200 ResTime 25.261 ms GET /report/65362f5401f9597b1b060752/score_day_bar?startTime=1703088000000&endTime=1705766400000
HTTP status 304 ResTime 4.525 ms GET /users/refresh
HTTP status 200 ResTime 35.633 ms GET /report/65362f5401f9597b1b060752/sleep_line_chart?startTime=1703088000000&endTime=1705766400000
HTTP status 200 ResTime 10.373 ms GET /report/65362f5401f9597b1b060752/tags_score_chart?startTime=1703088000000&endTime=1705766400000
HTTP status 200 ResTime 10.053 ms GET /report/65362f5401f9597b1b060752/kol_score_chart?startTime=1703088000000&endTime=1705766400000
HTTP status 304 ResTime 7.050 ms GET /report/65362f5401f9597b1b060752/dream_keyword_chart?startTime=1703088000000&endTime=1705766400000
HTTP status 304 ResTime 11.455 ms GET /report/65362f5401f9597b1b060752/memo_keyword_chart?startTime=1703088000000&endTime=1705766400000
HTTP status 200 ResTime 3.159 ms GET /report/65362f5401f9597b1b060752/dream_keyword_chart?startTime=1703088000000&endTime=1705766400000
HTTP status 200 ResTime 3.770 ms GET /report/65362f5401f9597b1b060752/memo_keyword_chart?startTime=1703088000000&endTime=1705766400000
HTTP status 200 ResTime 2.814 ms GET /users/refresh
HTTP status 304 ResTime 1.978 ms GET /users/refresh
HTTP status 200 ResTime 8.520 ms GET /report/65362f5401f9597b1b060752/dream_keyword_chart?startTime=1703088000000&endTime=1705766400000
HTTP status 200 ResTime 9.570 ms GET /report/65362f5401f9597b1b060752/memo_keyword_chart?startTime=1703088000000&endTime=1705766400000
HTTP status 304 ResTime 9.958 ms GET /report/65362f5401f9597b1b060752/dream_keyword_chart?startTime=1674230400000&endTime=1705766400000
HTTP status 304 ResTime 19.548 ms GET /report/65362f5401f9597b1b060752/memo_keyword_chart?startTime=1674230400000&endTime=1705766400000
HTTP status 304 ResTime 10.898 ms GET /feeling/65362f5401f9597b1b060752?startTime=1705766399995&endTime=1705766400005
HTTP status 304 ResTime 15.552 ms GET /feeling/65362f5401f9597b1b060752/options?type=
HTTP status 304 ResTime 16.233 ms GET /feeling/65362f5401f9597b1b060752?startTime=1704038400000&endTime=1706630400000
HTTP status 200 ResTime 18.876 ms GET /common/65362f5401f9597b1b060752/essay
HTTP status 304 ResTime 12.997 ms GET /report/65362f5401f9597b1b060752/score_pie_chart?startTime=1703088000000&endTime=1705766400000
HTTP status 304 ResTime 26.547 ms GET /report/65362f5401f9597b1b060752/score_line_chart?startTime=1703088000000&endTime=1705766400000
HTTP status 304 ResTime 31.372 ms GET /report/65362f5401f9597b1b060752/score_day_bar?startTime=1703088000000&endTime=1705766400000
HTTP status 304 ResTime 36.181 ms GET /report/65362f5401f9597b1b060752/sleep_line_chart?startTime=1703088000000&endTime=1705766400000
HTTP status 304 ResTime 38.299 ms GET /report/65362f5401f9597b1b060752/tags_score_chart?startTime=1703088000000&endTime=1705766400000
HTTP status 304 ResTime 53.806 ms GET /report/65362f5401f9597b1b060752/kol_score_chart?startTime=1703088000000&endTime=1705766400000
HTTP status 200 ResTime 29.630 ms POST /users/login
HTTP status 304 ResTime 14.805 ms GET /feeling/65362f5401f9597b1b060752?startTime=1705766399995&endTime=1705766400005
HTTP status 304 ResTime 20.816 ms GET /feeling/65362f5401f9597b1b060752/options?type=
HTTP status 304 ResTime 25.064 ms GET /feeling/65362f5401f9597b1b060752?startTime=1704038400000&endTime=1706630400000
HTTP status 200 ResTime 29.831 ms GET /common/65362f5401f9597b1b060752/essay
HTTP status 200 ResTime 51.521 ms POST /users/login
HTTP status 304 ResTime 34.842 ms GET /feeling/65362f5401f9597b1b060752?startTime=1705766399995&endTime=1705766400005
HTTP status 304 ResTime 43.286 ms GET /feeling/65362f5401f9597b1b060752/options?type=
HTTP status 304 ResTime 49.797 ms GET /feeling/65362f5401f9597b1b060752?startTime=1704038400000&endTime=1706630400000
HTTP status 200 ResTime 38.192 ms GET /common/65362f5401f9597b1b060752/essay
HTTP status 304 ResTime 36.767 ms GET /report/65362f5401f9597b1b060752/score_pie_chart?startTime=1703088000000&endTime=1705766400000
HTTP status 304 ResTime 50.368 ms GET /report/65362f5401f9597b1b060752/score_line_chart?startTime=1703088000000&endTime=1705766400000
HTTP status 304 ResTime 71.249 ms GET /report/65362f5401f9597b1b060752/score_day_bar?startTime=1703088000000&endTime=1705766400000
HTTP status 304 ResTime 80.707 ms GET /report/65362f5401f9597b1b060752/tags_score_chart?startTime=1703088000000&endTime=1705766400000
HTTP status 304 ResTime 116.554 ms GET /report/65362f5401f9597b1b060752/sleep_line_chart?startTime=1703088000000&endTime=1705766400000
HTTP status 304 ResTime 47.686 ms GET /report/65362f5401f9597b1b060752/kol_score_chart?startTime=1703088000000&endTime=1705766400000
HTTP status 200 ResTime 4.042 ms GET /report/65362f5401f9597b1b060752/score_pie_chart?startTime=1703088000000&endTime=1705766400000
HTTP status 200 ResTime 5.569 ms GET /report/65362f5401f9597b1b060752/score_line_chart?startTime=1703088000000&endTime=1705766400000
HTTP status 200 ResTime 9.387 ms GET /report/65362f5401f9597b1b060752/score_day_bar?startTime=1703088000000&endTime=1705766400000
HTTP status 200 ResTime 5.598 ms GET /report/65362f5401f9597b1b060752/sleep_line_chart?startTime=1703088000000&endTime=1705766400000
HTTP status 200 ResTime 4.317 ms GET /report/65362f5401f9597b1b060752/tags_score_chart?startTime=1703088000000&endTime=1705766400000
HTTP status 200 ResTime 6.946 ms GET /report/65362f5401f9597b1b060752/kol_score_chart?startTime=1703088000000&endTime=1705766400000
HTTP status 200 ResTime 2.866 ms GET /users/refresh
HTTP status 304 ResTime 3.458 ms GET /users/refresh
HTTP status 304 ResTime 2.446 ms GET /users/refresh
HTTP status 304 ResTime 3.748 ms GET /users/refresh
HTTP status 304 ResTime 2.480 ms GET /users/refresh
HTTP status 304 ResTime 2.131 ms GET /users/refresh
HTTP status 200 ResTime 12.942 ms GET /report/65362f5401f9597b1b060752/score_pie_chart?startTime=1703088000000&endTime=1705766400000
HTTP status 200 ResTime 27.606 ms GET /report/65362f5401f9597b1b060752/score_line_chart?startTime=1703088000000&endTime=1705766400000
HTTP status 200 ResTime 32.443 ms GET /report/65362f5401f9597b1b060752/score_day_bar?startTime=1703088000000&endTime=1705766400000
HTTP status 200 ResTime 24.400 ms GET /report/65362f5401f9597b1b060752/sleep_line_chart?startTime=1703088000000&endTime=1705766400000
HTTP status 200 ResTime 26.588 ms GET /report/65362f5401f9597b1b060752/tags_score_chart?startTime=1703088000000&endTime=1705766400000
HTTP status 200 ResTime 30.322 ms GET /report/65362f5401f9597b1b060752/kol_score_chart?startTime=1703088000000&endTime=1705766400000
HTTP status 304 ResTime 23.038 ms GET /report/65362f5401f9597b1b060752/score_pie_chart?startTime=1703088000000&endTime=1705766400000
HTTP status 304 ResTime 28.055 ms GET /report/65362f5401f9597b1b060752/score_line_chart?startTime=1703088000000&endTime=1705766400000
HTTP status 304 ResTime 33.468 ms GET /report/65362f5401f9597b1b060752/score_day_bar?startTime=1703088000000&endTime=1705766400000
HTTP status 304 ResTime 35.771 ms GET /report/65362f5401f9597b1b060752/sleep_line_chart?startTime=1703088000000&endTime=1705766400000
HTTP status 304 ResTime 44.843 ms GET /report/65362f5401f9597b1b060752/tags_score_chart?startTime=1703088000000&endTime=1705766400000
HTTP status 304 ResTime 50.500 ms GET /report/65362f5401f9597b1b060752/kol_score_chart?startTime=1703088000000&endTime=1705766400000
HTTP status 200 ResTime 2.484 ms GET /report/65362f5401f9597b1b060752/score_pie_chart?startTime=1703088000000&endTime=1705766400000
HTTP status 200 ResTime 3.738 ms GET /report/65362f5401f9597b1b060752/score_line_chart?startTime=1703088000000&endTime=1705766400000
HTTP status 200 ResTime 2.861 ms GET /report/65362f5401f9597b1b060752/score_day_bar?startTime=1703088000000&endTime=1705766400000
HTTP status 200 ResTime 4.706 ms GET /report/65362f5401f9597b1b060752/sleep_line_chart?startTime=1703088000000&endTime=1705766400000
HTTP status 200 ResTime 2.789 ms GET /report/65362f5401f9597b1b060752/tags_score_chart?startTime=1703088000000&endTime=1705766400000
HTTP status 200 ResTime 3.312 ms GET /report/65362f5401f9597b1b060752/kol_score_chart?startTime=1703088000000&endTime=1705766400000
HTTP status 200 ResTime 2.357 ms GET /users/refresh
HTTP status 304 ResTime 4.927 ms GET /users/refresh
HTTP status 304 ResTime 2.329 ms GET /users/refresh
HTTP status 304 ResTime 3.496 ms GET /users/refresh
HTTP status 304 ResTime 2.188 ms GET /users/refresh
HTTP status 304 ResTime 2.313 ms GET /users/refresh
HTTP status 200 ResTime 14.577 ms GET /report/65362f5401f9597b1b060752/score_pie_chart?startTime=1703088000000&endTime=1705766400000
HTTP status 200 ResTime 26.057 ms GET /report/65362f5401f9597b1b060752/score_line_chart?startTime=1703088000000&endTime=1705766400000
HTTP status 200 ResTime 30.975 ms GET /report/65362f5401f9597b1b060752/score_day_bar?startTime=1703088000000&endTime=1705766400000
HTTP status 200 ResTime 25.268 ms GET /report/65362f5401f9597b1b060752/sleep_line_chart?startTime=1703088000000&endTime=1705766400000
HTTP status 200 ResTime 30.387 ms GET /report/65362f5401f9597b1b060752/tags_score_chart?startTime=1703088000000&endTime=1705766400000
HTTP status 200 ResTime 33.032 ms GET /report/65362f5401f9597b1b060752/kol_score_chart?startTime=1703088000000&endTime=1705766400000
HTTP status 200 ResTime 3.854 ms GET /report/65362f5401f9597b1b060752/score_pie_chart?startTime=1703088000000&endTime=1705766400000
HTTP status 200 ResTime 5.824 ms GET /report/65362f5401f9597b1b060752/score_line_chart?startTime=1703088000000&endTime=1705766400000
HTTP status 200 ResTime 3.248 ms GET /report/65362f5401f9597b1b060752/score_day_bar?startTime=1703088000000&endTime=1705766400000
HTTP status 200 ResTime 6.567 ms GET /report/65362f5401f9597b1b060752/sleep_line_chart?startTime=1703088000000&endTime=1705766400000
HTTP status 200 ResTime 3.775 ms GET /report/65362f5401f9597b1b060752/tags_score_chart?startTime=1703088000000&endTime=1705766400000
HTTP status 200 ResTime 5.359 ms GET /report/65362f5401f9597b1b060752/kol_score_chart?startTime=1703088000000&endTime=1705766400000
HTTP status 200 ResTime 4.228 ms GET /users/refresh
HTTP status 304 ResTime 3.546 ms GET /users/refresh
HTTP status 304 ResTime 2.518 ms GET /users/refresh
HTTP status 200 ResTime 7.146 ms GET /report/65362f5401f9597b1b060752/score_pie_chart?startTime=1703088000000&endTime=1705766400000
HTTP status 304 ResTime 6.057 ms GET /users/refresh
HTTP status 200 ResTime 13.060 ms GET /report/65362f5401f9597b1b060752/score_line_chart?startTime=1703088000000&endTime=1705766400000
HTTP status 304 ResTime 8.895 ms GET /users/refresh
HTTP status 200 ResTime 14.293 ms GET /report/65362f5401f9597b1b060752/score_day_bar?startTime=1703088000000&endTime=1705766400000
HTTP status 304 ResTime 3.885 ms GET /users/refresh
HTTP status 200 ResTime 6.576 ms GET /report/65362f5401f9597b1b060752/sleep_line_chart?startTime=1703088000000&endTime=1705766400000
HTTP status 200 ResTime 12.792 ms GET /report/65362f5401f9597b1b060752/tags_score_chart?startTime=1703088000000&endTime=1705766400000
HTTP status 200 ResTime 10.146 ms GET /report/65362f5401f9597b1b060752/kol_score_chart?startTime=1703088000000&endTime=1705766400000
HTTP status 200 ResTime 12.279 ms GET /report/65362f5401f9597b1b060752/score_pie_chart?startTime=1703088000000&endTime=1705766400000
HTTP status 200 ResTime 22.685 ms GET /report/65362f5401f9597b1b060752/score_line_chart?startTime=1703088000000&endTime=1705766400000
HTTP status 200 ResTime 25.006 ms GET /report/65362f5401f9597b1b060752/score_day_bar?startTime=1703088000000&endTime=1705766400000
HTTP status 200 ResTime 33.597 ms GET /report/65362f5401f9597b1b060752/sleep_line_chart?startTime=1703088000000&endTime=1705766400000
HTTP status 200 ResTime 37.833 ms GET /report/65362f5401f9597b1b060752/tags_score_chart?startTime=1703088000000&endTime=1705766400000
HTTP status 200 ResTime 46.035 ms GET /report/65362f5401f9597b1b060752/kol_score_chart?startTime=1703088000000&endTime=1705766400000
HTTP status 200 ResTime 1.603 ms GET /report/65362f5401f9597b1b060752/score_pie_chart?startTime=1703088000000&endTime=1705766400000
HTTP status 200 ResTime 1.751 ms GET /report/65362f5401f9597b1b060752/score_line_chart?startTime=1703088000000&endTime=1705766400000
HTTP status 200 ResTime 2.759 ms GET /report/65362f5401f9597b1b060752/score_day_bar?startTime=1703088000000&endTime=1705766400000
HTTP status 200 ResTime 3.686 ms GET /report/65362f5401f9597b1b060752/sleep_line_chart?startTime=1703088000000&endTime=1705766400000
HTTP status 200 ResTime 5.603 ms GET /report/65362f5401f9597b1b060752/tags_score_chart?startTime=1703088000000&endTime=1705766400000
HTTP status 200 ResTime 1.738 ms GET /report/65362f5401f9597b1b060752/kol_score_chart?startTime=1703088000000&endTime=1705766400000
HTTP status 200 ResTime 3.568 ms GET /users/refresh
HTTP status 304 ResTime 4.602 ms GET /users/refresh
HTTP status 304 ResTime 2.200 ms GET /users/refresh
HTTP status 304 ResTime 2.852 ms GET /users/refresh
HTTP status 304 ResTime 3.519 ms GET /users/refresh
HTTP status 304 ResTime 2.700 ms GET /users/refresh
HTTP status 200 ResTime 14.284 ms GET /report/65362f5401f9597b1b060752/score_pie_chart?startTime=1703088000000&endTime=1705766400000
HTTP status 200 ResTime 24.516 ms GET /report/65362f5401f9597b1b060752/score_line_chart?startTime=1703088000000&endTime=1705766400000
HTTP status 200 ResTime 28.621 ms GET /report/65362f5401f9597b1b060752/score_day_bar?startTime=1703088000000&endTime=1705766400000
HTTP status 200 ResTime 25.904 ms GET /report/65362f5401f9597b1b060752/sleep_line_chart?startTime=1703088000000&endTime=1705766400000
HTTP status 200 ResTime 29.336 ms GET /report/65362f5401f9597b1b060752/tags_score_chart?startTime=1703088000000&endTime=1705766400000
HTTP status 200 ResTime 25.762 ms GET /report/65362f5401f9597b1b060752/kol_score_chart?startTime=1703088000000&endTime=1705766400000
HTTP status 200 ResTime 3.127 ms GET /report/65362f5401f9597b1b060752/dream_keyword_chart?startTime=1703088000000&endTime=1705766400000
HTTP status 200 ResTime 5.740 ms GET /report/65362f5401f9597b1b060752/memo_keyword_chart?startTime=1703088000000&endTime=1705766400000
HTTP status 200 ResTime 2.027 ms GET /users/refresh
HTTP status 304 ResTime 1.833 ms GET /users/refresh
HTTP status 200 ResTime 116.817 ms GET /report/65362f5401f9597b1b060752/dream_keyword_chart?startTime=1703088000000&endTime=1705766400000
HTTP status 200 ResTime 121.710 ms GET /report/65362f5401f9597b1b060752/memo_keyword_chart?startTime=1703088000000&endTime=1705766400000
HTTP status 304 ResTime 14.737 ms GET /report/65362f5401f9597b1b060752/score_pie_chart?startTime=1703088000000&endTime=1705766400000
HTTP status 304 ResTime 22.149 ms GET /report/65362f5401f9597b1b060752/score_line_chart?startTime=1703088000000&endTime=1705766400000
HTTP status 304 ResTime 22.313 ms GET /report/65362f5401f9597b1b060752/score_day_bar?startTime=1703088000000&endTime=1705766400000
HTTP status 304 ResTime 25.648 ms GET /report/65362f5401f9597b1b060752/sleep_line_chart?startTime=1703088000000&endTime=1705766400000
HTTP status 304 ResTime 30.511 ms GET /report/65362f5401f9597b1b060752/tags_score_chart?startTime=1703088000000&endTime=1705766400000
HTTP status 304 ResTime 32.605 ms GET /report/65362f5401f9597b1b060752/kol_score_chart?startTime=1703088000000&endTime=1705766400000
HTTP status 304 ResTime 10.475 ms GET /feeling/65362f5401f9597b1b060752?startTime=1705766399995&endTime=1705766400005
HTTP status 304 ResTime 13.649 ms GET /feeling/65362f5401f9597b1b060752/options?type=
HTTP status 304 ResTime 16.403 ms GET /feeling/65362f5401f9597b1b060752?startTime=1704038400000&endTime=1706630400000
HTTP status 200 ResTime 20.286 ms GET /common/65362f5401f9597b1b060752/essay
HTTP status 200 ResTime 42.874 ms POST /users/login
HTTP status 304 ResTime 29.721 ms GET /feeling/65362f5401f9597b1b060752?startTime=1705766399995&endTime=1705766400005
HTTP status 304 ResTime 37.236 ms GET /feeling/65362f5401f9597b1b060752/options?type=
HTTP status 304 ResTime 40.667 ms GET /feeling/65362f5401f9597b1b060752?startTime=1704038400000&endTime=1706630400000
HTTP status 200 ResTime 49.020 ms GET /common/65362f5401f9597b1b060752/essay
HTTP status 304 ResTime 24.800 ms GET /report/65362f5401f9597b1b060752/score_pie_chart?startTime=1703088000000&endTime=1705766400000
HTTP status 304 ResTime 29.686 ms GET /report/65362f5401f9597b1b060752/score_line_chart?startTime=1703088000000&endTime=1705766400000
HTTP status 304 ResTime 39.285 ms GET /report/65362f5401f9597b1b060752/score_day_bar?startTime=1703088000000&endTime=1705766400000
HTTP status 304 ResTime 45.831 ms GET /report/65362f5401f9597b1b060752/tags_score_chart?startTime=1703088000000&endTime=1705766400000
HTTP status 304 ResTime 50.799 ms GET /report/65362f5401f9597b1b060752/kol_score_chart?startTime=1703088000000&endTime=1705766400000
HTTP status 304 ResTime 71.382 ms GET /report/65362f5401f9597b1b060752/sleep_line_chart?startTime=1703088000000&endTime=1705766400000
HTTP status 304 ResTime 113.115 ms GET /report/65362f5401f9597b1b060752/dream_keyword_chart?startTime=1703088000000&endTime=1705766400000
HTTP status 304 ResTime 117.630 ms GET /report/65362f5401f9597b1b060752/memo_keyword_chart?startTime=1703088000000&endTime=1705766400000
HTTP status 200 ResTime 8.039 ms POST /users/login
HTTP status 304 ResTime 10.204 ms GET /feeling/65362f5401f9597b1b060752/options?type=
HTTP status 200 ResTime 15.985 ms GET /common/65362f5401f9597b1b060752/essay
HTTP status 304 ResTime 21.609 ms GET /report/65362f5401f9597b1b060752/score_pie_chart?startTime=1703088000000&endTime=1705766400000
HTTP status 304 ResTime 26.889 ms GET /report/65362f5401f9597b1b060752/score_line_chart?startTime=1703088000000&endTime=1705766400000
HTTP status 304 ResTime 32.909 ms GET /report/65362f5401f9597b1b060752/score_day_bar?startTime=1703088000000&endTime=1705766400000
HTTP status 304 ResTime 40.174 ms GET /report/65362f5401f9597b1b060752/sleep_line_chart?startTime=1703088000000&endTime=1705766400000
HTTP status 304 ResTime 37.099 ms GET /report/65362f5401f9597b1b060752/kol_score_chart?startTime=1703088000000&endTime=1705766400000
HTTP status 304 ResTime 45.789 ms GET /report/65362f5401f9597b1b060752/tags_score_chart?startTime=1703088000000&endTime=1705766400000
HTTP status 304 ResTime 11.371 ms GET /report/65362f5401f9597b1b060752/dream_keyword_chart?startTime=1703088000000&endTime=1705766400000
HTTP status 304 ResTime 13.766 ms GET /report/65362f5401f9597b1b060752/memo_keyword_chart?startTime=1703088000000&endTime=1705766400000
HTTP status 304 ResTime 8.515 ms GET /feeling/65362f5401f9597b1b060752/options?type=
HTTP status 200 ResTime 13.464 ms GET /common/65362f5401f9597b1b060752/essay
HTTP status 200 ResTime 1.868 ms GET /feeling/65362f5401f9597b1b060752?startTime=1705766399995&endTime=1705766400005
HTTP status 200 ResTime 2.783 ms GET /feeling/65362f5401f9597b1b060752/options?type=
HTTP status 200 ResTime 3.679 ms GET /feeling/65362f5401f9597b1b060752?startTime=1704038400000&endTime=1706630400000
HTTP status 200 ResTime 5.467 ms GET /common/65362f5401f9597b1b060752/essay
HTTP status 200 ResTime 3.224 ms GET /users/refresh
HTTP status 304 ResTime 3.834 ms GET /users/refresh
HTTP status 304 ResTime 4.678 ms GET /users/refresh
HTTP status 304 ResTime 7.840 ms GET /users/refresh
HTTP status 200 ResTime 13.671 ms GET /feeling/65362f5401f9597b1b060752?startTime=1705766399995&endTime=1705766400005
HTTP status 200 ResTime 15.281 ms GET /feeling/65362f5401f9597b1b060752/options?type=
HTTP status 200 ResTime 11.103 ms GET /feeling/65362f5401f9597b1b060752?startTime=1704038400000&endTime=1706630400000
HTTP status 200 ResTime 15.287 ms GET /common/65362f5401f9597b1b060752/essay
HTTP status 304 ResTime 15.890 ms GET /report/65362f5401f9597b1b060752/score_pie_chart?startTime=1703088000000&endTime=1705766400000
HTTP status 304 ResTime 24.965 ms GET /report/65362f5401f9597b1b060752/score_line_chart?startTime=1703088000000&endTime=1705766400000
HTTP status 304 ResTime 27.231 ms GET /report/65362f5401f9597b1b060752/score_day_bar?startTime=1703088000000&endTime=1705766400000
HTTP status 304 ResTime 32.359 ms GET /report/65362f5401f9597b1b060752/sleep_line_chart?startTime=1703088000000&endTime=1705766400000
HTTP status 304 ResTime 37.378 ms GET /report/65362f5401f9597b1b060752/tags_score_chart?startTime=1703088000000&endTime=1705766400000
HTTP status 304 ResTime 40.276 ms GET /report/65362f5401f9597b1b060752/kol_score_chart?startTime=1703088000000&endTime=1705766400000
HTTP status 304 ResTime 8.187 ms GET /report/65362f5401f9597b1b060752/dream_keyword_chart?startTime=1703088000000&endTime=1705766400000
HTTP status 304 ResTime 10.211 ms GET /report/65362f5401f9597b1b060752/memo_keyword_chart?startTime=1703088000000&endTime=1705766400000
HTTP status 200 ResTime 5.783 ms GET /report/65362f5401f9597b1b060752/score_pie_chart?startTime=1703088000000&endTime=1705766400000
HTTP status 200 ResTime 8.035 ms GET /report/65362f5401f9597b1b060752/score_line_chart?startTime=1703088000000&endTime=1705766400000
HTTP status 200 ResTime 3.187 ms GET /report/65362f5401f9597b1b060752/score_day_bar?startTime=1703088000000&endTime=1705766400000
HTTP status 200 ResTime 4.497 ms GET /report/65362f5401f9597b1b060752/sleep_line_chart?startTime=1703088000000&endTime=1705766400000
HTTP status 200 ResTime 5.413 ms GET /report/65362f5401f9597b1b060752/tags_score_chart?startTime=1703088000000&endTime=1705766400000
HTTP status 200 ResTime 3.754 ms GET /report/65362f5401f9597b1b060752/kol_score_chart?startTime=1703088000000&endTime=1705766400000
HTTP status 200 ResTime 4.646 ms GET /users/refresh
HTTP status 304 ResTime 2.637 ms GET /users/refresh
HTTP status 304 ResTime 2.420 ms GET /users/refresh
HTTP status 304 ResTime 5.205 ms GET /users/refresh
HTTP status 200 ResTime 10.867 ms GET /report/65362f5401f9597b1b060752/score_pie_chart?startTime=1703088000000&endTime=1705766400000
HTTP status 304 ResTime 2.389 ms GET /users/refresh
HTTP status 200 ResTime 15.768 ms GET /report/65362f5401f9597b1b060752/score_line_chart?startTime=1703088000000&endTime=1705766400000
HTTP status 200 ResTime 18.145 ms GET /report/65362f5401f9597b1b060752/score_day_bar?startTime=1703088000000&endTime=1705766400000
HTTP status 200 ResTime 20.326 ms GET /report/65362f5401f9597b1b060752/sleep_line_chart?startTime=1703088000000&endTime=1705766400000
HTTP status 304 ResTime 11.946 ms GET /users/refresh
HTTP status 200 ResTime 10.573 ms GET /report/65362f5401f9597b1b060752/tags_score_chart?startTime=1703088000000&endTime=1705766400000
HTTP status 200 ResTime 7.085 ms GET /report/65362f5401f9597b1b060752/kol_score_chart?startTime=1703088000000&endTime=1705766400000
HTTP status 304 ResTime 11.107 ms GET /feeling/65362f5401f9597b1b060752/options?type=
HTTP status 200 ResTime 14.577 ms GET /common/65362f5401f9597b1b060752/essay
HTTP status 200 ResTime 3.907 ms GET /report/65362f5401f9597b1b060752/score_pie_chart?startTime=1703088000000&endTime=1705766400000
HTTP status 200 ResTime 6.042 ms GET /report/65362f5401f9597b1b060752/tags_score_chart?startTime=1703088000000&endTime=1705766400000
HTTP status 200 ResTime 7.825 ms GET /report/65362f5401f9597b1b060752/score_line_chart?startTime=1703088000000&endTime=1705766400000
HTTP status 200 ResTime 9.198 ms GET /report/65362f5401f9597b1b060752/score_day_bar?startTime=1703088000000&endTime=1705766400000
HTTP status 200 ResTime 2.170 ms GET /report/65362f5401f9597b1b060752/sleep_line_chart?startTime=1703088000000&endTime=1705766400000
HTTP status 200 ResTime 3.556 ms GET /report/65362f5401f9597b1b060752/kol_score_chart?startTime=1703088000000&endTime=1705766400000
HTTP status 200 ResTime 2.791 ms GET /users/refresh
HTTP status 304 ResTime 3.945 ms GET /users/refresh
HTTP status 304 ResTime 2.738 ms GET /users/refresh
HTTP status 304 ResTime 4.319 ms GET /users/refresh
HTTP status 200 ResTime 8.816 ms GET /report/65362f5401f9597b1b060752/score_pie_chart?startTime=1703088000000&endTime=1705766400000
HTTP status 304 ResTime 3.926 ms GET /users/refresh
HTTP status 200 ResTime 12.333 ms GET /report/65362f5401f9597b1b060752/tags_score_chart?startTime=1703088000000&endTime=1705766400000
HTTP status 200 ResTime 18.182 ms GET /report/65362f5401f9597b1b060752/score_line_chart?startTime=1703088000000&endTime=1705766400000
HTTP status 304 ResTime 6.092 ms GET /users/refresh
HTTP status 200 ResTime 18.538 ms GET /report/65362f5401f9597b1b060752/score_day_bar?startTime=1703088000000&endTime=1705766400000
HTTP status 200 ResTime 5.580 ms GET /report/65362f5401f9597b1b060752/sleep_line_chart?startTime=1703088000000&endTime=1705766400000
HTTP status 200 ResTime 7.699 ms GET /report/65362f5401f9597b1b060752/kol_score_chart?startTime=1703088000000&endTime=1705766400000
HTTP status 304 ResTime 10.495 ms GET /report/65362f5401f9597b1b060752/dream_keyword_chart?startTime=1703088000000&endTime=1705766400000
HTTP status 304 ResTime 14.963 ms GET /report/65362f5401f9597b1b060752/memo_keyword_chart?startTime=1703088000000&endTime=1705766400000
HTTP status 200 ResTime 6.752 ms GET /report/65362f5401f9597b1b060752/score_pie_chart?startTime=1703088000000&endTime=1705766400000
HTTP status 200 ResTime 6.080 ms GET /report/65362f5401f9597b1b060752/score_line_chart?startTime=1703088000000&endTime=1705766400000
HTTP status 200 ResTime 7.227 ms GET /report/65362f5401f9597b1b060752/score_day_bar?startTime=1703088000000&endTime=1705766400000
HTTP status 200 ResTime 3.385 ms GET /report/65362f5401f9597b1b060752/sleep_line_chart?startTime=1703088000000&endTime=1705766400000
HTTP status 200 ResTime 4.188 ms GET /report/65362f5401f9597b1b060752/tags_score_chart?startTime=1703088000000&endTime=1705766400000
HTTP status 200 ResTime 5.407 ms GET /report/65362f5401f9597b1b060752/kol_score_chart?startTime=1703088000000&endTime=1705766400000
HTTP status 200 ResTime 2.954 ms GET /users/refresh
HTTP status 304 ResTime 2.091 ms GET /users/refresh
HTTP status 304 ResTime 2.644 ms GET /users/refresh
HTTP status 304 ResTime 5.072 ms GET /users/refresh
HTTP status 200 ResTime 11.132 ms GET /report/65362f5401f9597b1b060752/score_pie_chart?startTime=1703088000000&endTime=1705766400000
HTTP status 304 ResTime 5.067 ms GET /users/refresh
HTTP status 200 ResTime 20.211 ms GET /report/65362f5401f9597b1b060752/score_line_chart?startTime=1703088000000&endTime=1705766400000
HTTP status 200 ResTime 15.929 ms GET /report/65362f5401f9597b1b060752/score_day_bar?startTime=1703088000000&endTime=1705766400000
HTTP status 200 ResTime 20.040 ms GET /report/65362f5401f9597b1b060752/sleep_line_chart?startTime=1703088000000&endTime=1705766400000
HTTP status 304 ResTime 7.028 ms GET /users/refresh
HTTP status 200 ResTime 8.168 ms GET /report/65362f5401f9597b1b060752/tags_score_chart?startTime=1703088000000&endTime=1705766400000
HTTP status 200 ResTime 7.248 ms GET /report/65362f5401f9597b1b060752/kol_score_chart?startTime=1703088000000&endTime=1705766400000
HTTP status 200 ResTime 63.627 ms POST /users/login
HTTP status 304 ResTime 47.448 ms GET /feeling/65362f5401f9597b1b060752/options?type=
HTTP status 200 ResTime 72.253 ms GET /feeling/65362f5401f9597b1b060752?startTime=1705852799995&endTime=1705852800005
HTTP status 304 ResTime 79.926 ms GET /feeling/65362f5401f9597b1b060752?startTime=1704038400000&endTime=1706630400000
HTTP status 200 ResTime 92.843 ms GET /common/65362f5401f9597b1b060752/essay
HTTP status 200 ResTime 5.085 ms GET /feeling/65362f5401f9597b1b060752?startTime=1705852799995&endTime=1705852800005
HTTP status 200 ResTime 4.425 ms GET /feeling/65362f5401f9597b1b060752/options?type=
HTTP status 200 ResTime 4.836 ms GET /feeling/65362f5401f9597b1b060752?startTime=1704038400000&endTime=1706630400000
HTTP status 200 ResTime 1.891 ms GET /common/65362f5401f9597b1b060752/essay
HTTP status 200 ResTime 3.239 ms GET /users/refresh
HTTP status 304 ResTime 1.443 ms GET /users/refresh
HTTP status 304 ResTime 2.500 ms GET /users/refresh
HTTP status 200 ResTime 15.251 ms GET /feeling/65362f5401f9597b1b060752?startTime=1705852799995&endTime=1705852800005
HTTP status 304 ResTime 11.621 ms GET /users/refresh
HTTP status 200 ResTime 25.477 ms GET /feeling/65362f5401f9597b1b060752/options?type=
HTTP status 200 ResTime 28.145 ms GET /feeling/65362f5401f9597b1b060752?startTime=1704038400000&endTime=1706630400000
HTTP status 200 ResTime 24.482 ms GET /common/65362f5401f9597b1b060752/essay
HTTP status 200 ResTime 1.506 ms GET /feeling/65362f5401f9597b1b060752?startTime=1705852799995&endTime=1705852800005
HTTP status 200 ResTime 3.032 ms GET /feeling/65362f5401f9597b1b060752/options?type=
HTTP status 200 ResTime 4.095 ms GET /feeling/65362f5401f9597b1b060752?startTime=1704038400000&endTime=1706630400000
HTTP status 200 ResTime 2.529 ms GET /common/65362f5401f9597b1b060752/essay
HTTP status 200 ResTime 1.384 ms GET /users/refresh
HTTP status 304 ResTime 2.568 ms GET /users/refresh
HTTP status 304 ResTime 1.473 ms GET /users/refresh
HTTP status 200 ResTime 19.853 ms GET /feeling/65362f5401f9597b1b060752?startTime=1705852799995&endTime=1705852800005
HTTP status 304 ResTime 13.075 ms GET /users/refresh
HTTP status 200 ResTime 35.145 ms GET /feeling/65362f5401f9597b1b060752/options?type=
HTTP status 200 ResTime 33.201 ms GET /feeling/65362f5401f9597b1b060752?startTime=1704038400000&endTime=1706630400000
HTTP status 200 ResTime 8.551 ms GET /common/65362f5401f9597b1b060752/essay
HTTP status 200 ResTime 14.795 ms GET /report/65362f5401f9597b1b060752/score_pie_chart?startTime=1703174400000&endTime=1705852800000
HTTP status 200 ResTime 33.942 ms GET /report/65362f5401f9597b1b060752/score_day_bar?startTime=1703174400000&endTime=1705852800000
HTTP status 200 ResTime 41.210 ms GET /report/65362f5401f9597b1b060752/score_line_chart?startTime=1703174400000&endTime=1705852800000
HTTP status 200 ResTime 50.429 ms GET /report/65362f5401f9597b1b060752/sleep_line_chart?startTime=1703174400000&endTime=1705852800000
HTTP status 200 ResTime 52.343 ms GET /report/65362f5401f9597b1b060752/tags_score_chart?startTime=1703174400000&endTime=1705852800000
HTTP status 200 ResTime 49.090 ms GET /report/65362f5401f9597b1b060752/kol_score_chart?startTime=1703174400000&endTime=1705852800000
HTTP status 304 ResTime 8.864 ms GET /feeling/65362f5401f9597b1b060752/options?type=
HTTP status 200 ResTime 11.795 ms GET /common/65362f5401f9597b1b060752/essay
HTTP status 200 ResTime 1.420 ms GET /feeling/65362f5401f9597b1b060752?startTime=1705852799995&endTime=1705852800005
HTTP status 200 ResTime 2.088 ms GET /common/65362f5401f9597b1b060752/essay
HTTP status 200 ResTime 2.259 ms GET /feeling/65362f5401f9597b1b060752/options?type=
HTTP status 200 ResTime 1.175 ms GET /feeling/65362f5401f9597b1b060752?startTime=1704038400000&endTime=1706630400000
HTTP status 200 ResTime 2.514 ms GET /users/refresh
HTTP status 304 ResTime 2.322 ms GET /users/refresh
HTTP status 304 ResTime 1.377 ms GET /users/refresh
HTTP status 200 ResTime 12.907 ms GET /feeling/65362f5401f9597b1b060752?startTime=1705852799995&endTime=1705852800005
HTTP status 304 ResTime 10.890 ms GET /users/refresh
HTTP status 200 ResTime 21.215 ms GET /feeling/65362f5401f9597b1b060752/options?type=
HTTP status 200 ResTime 17.300 ms GET /feeling/65362f5401f9597b1b060752?startTime=1704038400000&endTime=1706630400000
HTTP status 200 ResTime 7.926 ms GET /common/65362f5401f9597b1b060752/essay
HTTP status 200 ResTime 2.546 ms GET /feeling/65362f5401f9597b1b060752/options?type=
HTTP status 200 ResTime 2.835 ms GET /feeling/65362f5401f9597b1b060752?startTime=1705852799995&endTime=1705852800005
HTTP status 200 ResTime 3.072 ms GET /common/65362f5401f9597b1b060752/essay
HTTP status 200 ResTime 2.443 ms GET /feeling/65362f5401f9597b1b060752?startTime=1704038400000&endTime=1706630400000
HTTP status 200 ResTime 1.388 ms GET /users/refresh
HTTP status 304 ResTime 1.093 ms GET /users/refresh
HTTP status 304 ResTime 1.294 ms GET /users/refresh
HTTP status 200 ResTime 12.192 ms GET /feeling/65362f5401f9597b1b060752?startTime=1705852799995&endTime=1705852800005
HTTP status 304 ResTime 11.665 ms GET /users/refresh
HTTP status 200 ResTime 20.545 ms GET /feeling/65362f5401f9597b1b060752/options?type=
HTTP status 200 ResTime 13.953 ms GET /common/65362f5401f9597b1b060752/essay
HTTP status 200 ResTime 14.764 ms GET /feeling/65362f5401f9597b1b060752?startTime=1704038400000&endTime=1706630400000
HTTP status 200 ResTime 1.937 ms GET /report/65362f5401f9597b1b060752/score_pie_chart?startTime=1703174400000&endTime=1705852800000
HTTP status 200 ResTime 1.484 ms GET /report/65362f5401f9597b1b060752/score_line_chart?startTime=1703174400000&endTime=1705852800000
HTTP status 200 ResTime 3.229 ms GET /report/65362f5401f9597b1b060752/score_day_bar?startTime=1703174400000&endTime=1705852800000
HTTP status 200 ResTime 3.761 ms GET /report/65362f5401f9597b1b060752/sleep_line_chart?startTime=1703174400000&endTime=1705852800000
HTTP status 200 ResTime 5.164 ms GET /report/65362f5401f9597b1b060752/kol_score_chart?startTime=1703174400000&endTime=1705852800000
HTTP status 200 ResTime 3.182 ms GET /report/65362f5401f9597b1b060752/tags_score_chart?startTime=1703174400000&endTime=1705852800000
HTTP status 200 ResTime 2.266 ms GET /users/refresh
HTTP status 304 ResTime 2.353 ms GET /users/refresh
HTTP status 304 ResTime 2.915 ms GET /users/refresh
HTTP status 200 ResTime 16.480 ms GET /report/65362f5401f9597b1b060752/score_pie_chart?startTime=1703174400000&endTime=1705852800000
HTTP status 304 ResTime 4.099 ms GET /users/refresh
HTTP status 200 ResTime 24.172 ms GET /report/65362f5401f9597b1b060752/score_line_chart?startTime=1703174400000&endTime=1705852800000
HTTP status 200 ResTime 38.600 ms GET /report/65362f5401f9597b1b060752/score_day_bar?startTime=1703174400000&endTime=1705852800000
HTTP status 304 ResTime 3.018 ms GET /users/refresh
HTTP status 304 ResTime 2.415 ms GET /users/refresh
HTTP status 200 ResTime 13.160 ms GET /report/65362f5401f9597b1b060752/sleep_line_chart?startTime=1703174400000&endTime=1705852800000
HTTP status 200 ResTime 10.618 ms GET /report/65362f5401f9597b1b060752/tags_score_chart?startTime=1703174400000&endTime=1705852800000
HTTP status 200 ResTime 18.125 ms GET /report/65362f5401f9597b1b060752/kol_score_chart?startTime=1703174400000&endTime=1705852800000
HTTP status 304 ResTime 10.735 ms GET /feeling/65362f5401f9597b1b060752/options?type=
HTTP status 200 ResTime 15.485 ms GET /common/65362f5401f9597b1b060752/essay
HTTP status 200 ResTime 1.449 ms GET /feeling/65362f5401f9597b1b060752?startTime=1705852799995&endTime=1705852800005
HTTP status 200 ResTime 2.390 ms GET /feeling/65362f5401f9597b1b060752/options?type=
HTTP status 200 ResTime 2.949 ms GET /feeling/65362f5401f9597b1b060752?startTime=1704038400000&endTime=1706630400000
HTTP status 200 ResTime 3.840 ms GET /common/65362f5401f9597b1b060752/essay
HTTP status 200 ResTime 1.411 ms GET /users/refresh
HTTP status 304 ResTime 0.959 ms GET /users/refresh
HTTP status 304 ResTime 1.033 ms GET /users/refresh
HTTP status 200 ResTime 10.413 ms GET /feeling/65362f5401f9597b1b060752?startTime=1705852799995&endTime=1705852800005
HTTP status 304 ResTime 6.959 ms GET /users/refresh
HTTP status 200 ResTime 15.658 ms GET /feeling/65362f5401f9597b1b060752/options?type=
HTTP status 200 ResTime 14.794 ms GET /feeling/65362f5401f9597b1b060752?startTime=1704038400000&endTime=1706630400000
HTTP status 200 ResTime 9.810 ms GET /common/65362f5401f9597b1b060752/essay
HTTP status 200 ResTime 4.172 ms GET /feeling/65362f5401f9597b1b060752?startTime=1705852799995&endTime=1705852800005
HTTP status 200 ResTime 7.161 ms GET /feeling/65362f5401f9597b1b060752/options?type=
HTTP status 200 ResTime 3.941 ms GET /feeling/65362f5401f9597b1b060752?startTime=1704038400000&endTime=1706630400000
HTTP status 200 ResTime 4.693 ms GET /common/65362f5401f9597b1b060752/essay
HTTP status 200 ResTime 1.321 ms GET /users/refresh
HTTP status 304 ResTime 1.311 ms GET /users/refresh
HTTP status 304 ResTime 1.839 ms GET /users/refresh
HTTP status 200 ResTime 10.464 ms GET /feeling/65362f5401f9597b1b060752?startTime=1705852799995&endTime=1705852800005
HTTP status 304 ResTime 8.968 ms GET /users/refresh
HTTP status 200 ResTime 18.484 ms GET /feeling/65362f5401f9597b1b060752/options?type=
HTTP status 200 ResTime 15.063 ms GET /feeling/65362f5401f9597b1b060752?startTime=1704038400000&endTime=1706630400000
HTTP status 200 ResTime 5.591 ms GET /common/65362f5401f9597b1b060752/essay
HTTP status 304 ResTime 14.968 ms GET /report/65362f5401f9597b1b060752/score_line_chart?startTime=1703174400000&endTime=1705852800000
HTTP status 304 ResTime 24.614 ms GET /report/65362f5401f9597b1b060752/score_pie_chart?startTime=1703174400000&endTime=1705852800000
HTTP status 304 ResTime 28.784 ms GET /report/65362f5401f9597b1b060752/score_day_bar?startTime=1703174400000&endTime=1705852800000
HTTP status 304 ResTime 35.192 ms GET /report/65362f5401f9597b1b060752/tags_score_chart?startTime=1703174400000&endTime=1705852800000
HTTP status 304 ResTime 39.156 ms GET /report/65362f5401f9597b1b060752/sleep_line_chart?startTime=1703174400000&endTime=1705852800000
HTTP status 304 ResTime 37.998 ms GET /report/65362f5401f9597b1b060752/kol_score_chart?startTime=1703174400000&endTime=1705852800000
HTTP status 304 ResTime 6.207 ms GET /feeling/65362f5401f9597b1b060752/options?type=
HTTP status 200 ResTime 11.750 ms GET /common/65362f5401f9597b1b060752/essay
HTTP status 200 ResTime 5.394 ms GET /feeling/65362f5401f9597b1b060752?startTime=1704297599995&endTime=1704297600005
HTTP status 304 ResTime 4.536 ms GET /feeling/65362f5401f9597b1b060752?startTime=1704297599995&endTime=1704297600005
HTTP status 200 ResTime 2.685 ms GET /feeling/65362f5401f9597b1b060752?startTime=1705852799995&endTime=1705852800005
HTTP status 200 ResTime 2.081 ms GET /feeling/65362f5401f9597b1b060752/options?type=
HTTP status 200 ResTime 3.732 ms GET /feeling/65362f5401f9597b1b060752?startTime=1704038400000&endTime=1706630400000
HTTP status 200 ResTime 2.837 ms GET /common/65362f5401f9597b1b060752/essay
HTTP status 200 ResTime 1.434 ms GET /users/refresh
HTTP status 304 ResTime 1.155 ms GET /users/refresh
HTTP status 304 ResTime 1.268 ms GET /users/refresh
HTTP status 200 ResTime 14.229 ms GET /feeling/65362f5401f9597b1b060752?startTime=1705852799995&endTime=1705852800005
HTTP status 304 ResTime 10.046 ms GET /users/refresh
HTTP status 200 ResTime 21.606 ms GET /feeling/65362f5401f9597b1b060752/options?type=
HTTP status 200 ResTime 28.672 ms GET /feeling/65362f5401f9597b1b060752?startTime=1704038400000&endTime=1706630400000
HTTP status 200 ResTime 9.056 ms GET /common/65362f5401f9597b1b060752/essay
HTTP status 200 ResTime 4.018 ms GET /feeling/65362f5401f9597b1b060752?startTime=1705852799995&endTime=1705852800005
HTTP status 200 ResTime 5.072 ms GET /feeling/65362f5401f9597b1b060752/options?type=
HTTP status 200 ResTime 1.753 ms GET /common/65362f5401f9597b1b060752/essay
HTTP status 200 ResTime 2.437 ms GET /feeling/65362f5401f9597b1b060752?startTime=1704038400000&endTime=1706630400000
HTTP status 200 ResTime 1.231 ms GET /users/refresh
HTTP status 304 ResTime 1.317 ms GET /users/refresh
HTTP status 304 ResTime 1.481 ms GET /users/refresh
HTTP status 200 ResTime 11.708 ms GET /feeling/65362f5401f9597b1b060752?startTime=1705852799995&endTime=1705852800005
HTTP status 304 ResTime 9.638 ms GET /users/refresh
HTTP status 200 ResTime 21.688 ms GET /feeling/65362f5401f9597b1b060752/options?type=
HTTP status 200 ResTime 21.460 ms GET /feeling/65362f5401f9597b1b060752?startTime=1704038400000&endTime=1706630400000
HTTP status 200 ResTime 11.721 ms GET /common/65362f5401f9597b1b060752/essay
HTTP status 200 ResTime 1.223 ms GET /feeling/65362f5401f9597b1b060752?startTime=1705852799995&endTime=1705852800005
HTTP status 200 ResTime 3.068 ms GET /feeling/65362f5401f9597b1b060752/options?type=
HTTP status 200 ResTime 3.222 ms GET /feeling/65362f5401f9597b1b060752?startTime=1704038400000&endTime=1706630400000
HTTP status 200 ResTime 2.585 ms GET /common/65362f5401f9597b1b060752/essay
HTTP status 200 ResTime 1.273 ms GET /users/refresh
HTTP status 304 ResTime 1.277 ms GET /users/refresh
HTTP status 304 ResTime 2.100 ms GET /users/refresh
HTTP status 200 ResTime 10.173 ms GET /feeling/65362f5401f9597b1b060752?startTime=1705852799995&endTime=1705852800005
HTTP status 304 ResTime 3.095 ms GET /users/refresh
HTTP status 200 ResTime 11.870 ms GET /feeling/65362f5401f9597b1b060752/options?type=
HTTP status 200 ResTime 23.078 ms GET /feeling/65362f5401f9597b1b060752?startTime=1704038400000&endTime=1706630400000
HTTP status 200 ResTime 7.568 ms GET /common/65362f5401f9597b1b060752/essay
HTTP status 200 ResTime 2.534 ms GET /feeling/65362f5401f9597b1b060752?startTime=1705852799995&endTime=1705852800005
HTTP status 200 ResTime 2.361 ms GET /feeling/65362f5401f9597b1b060752?startTime=1704038400000&endTime=1706630400000
HTTP status 200 ResTime 2.453 ms GET /feeling/65362f5401f9597b1b060752/options?type=
HTTP status 200 ResTime 1.270 ms GET /common/65362f5401f9597b1b060752/essay
HTTP status 200 ResTime 1.663 ms GET /users/refresh
HTTP status 304 ResTime 1.091 ms GET /users/refresh
HTTP status 304 ResTime 1.331 ms GET /users/refresh
HTTP status 304 ResTime 1.009 ms GET /users/refresh
HTTP status 200 ResTime 11.446 ms GET /feeling/65362f5401f9597b1b060752?startTime=1705852799995&endTime=1705852800005
HTTP status 200 ResTime 8.157 ms GET /feeling/65362f5401f9597b1b060752/options?type=
HTTP status 200 ResTime 17.616 ms GET /feeling/65362f5401f9597b1b060752?startTime=1704038400000&endTime=1706630400000
HTTP status 200 ResTime 15.415 ms GET /common/65362f5401f9597b1b060752/essay
HTTP status 200 ResTime 2.987 ms GET /feeling/65362f5401f9597b1b060752?startTime=1705852799995&endTime=1705852800005
HTTP status 200 ResTime 2.045 ms GET /feeling/65362f5401f9597b1b060752/options?type=
HTTP status 200 ResTime 2.728 ms GET /feeling/65362f5401f9597b1b060752?startTime=1704038400000&endTime=1706630400000
HTTP status 200 ResTime 2.849 ms GET /common/65362f5401f9597b1b060752/essay
HTTP status 200 ResTime 1.968 ms GET /users/refresh
HTTP status 304 ResTime 1.149 ms GET /users/refresh
HTTP status 304 ResTime 1.371 ms GET /users/refresh
HTTP status 200 ResTime 15.073 ms GET /feeling/65362f5401f9597b1b060752?startTime=1705852799995&endTime=1705852800005
HTTP status 304 ResTime 12.972 ms GET /users/refresh
HTTP status 200 ResTime 10.973 ms GET /feeling/65362f5401f9597b1b060752/options?type=
HTTP status 200 ResTime 21.924 ms GET /feeling/65362f5401f9597b1b060752?startTime=1704038400000&endTime=1706630400000
HTTP status 200 ResTime 5.948 ms GET /common/65362f5401f9597b1b060752/essay
HTTP status 200 ResTime 2.240 ms GET /feeling/65362f5401f9597b1b060752?startTime=1705852799995&endTime=1705852800005
HTTP status 200 ResTime 3.426 ms GET /feeling/65362f5401f9597b1b060752/options?type=
HTTP status 200 ResTime 3.041 ms GET /feeling/65362f5401f9597b1b060752?startTime=1704038400000&endTime=1706630400000
HTTP status 200 ResTime 3.427 ms GET /common/65362f5401f9597b1b060752/essay
HTTP status 200 ResTime 1.397 ms GET /users/refresh
HTTP status 304 ResTime 1.504 ms GET /users/refresh
HTTP status 304 ResTime 1.359 ms GET /users/refresh
HTTP status 200 ResTime 10.964 ms GET /feeling/65362f5401f9597b1b060752?startTime=1705852799995&endTime=1705852800005
HTTP status 304 ResTime 9.035 ms GET /users/refresh
HTTP status 200 ResTime 20.837 ms GET /feeling/65362f5401f9597b1b060752/options?type=
HTTP status 200 ResTime 19.627 ms GET /feeling/65362f5401f9597b1b060752?startTime=1704038400000&endTime=1706630400000
HTTP status 200 ResTime 8.557 ms GET /common/65362f5401f9597b1b060752/essay
HTTP status 200 ResTime 1.645 ms GET /feeling/65362f5401f9597b1b060752?startTime=1705852799995&endTime=1705852800005
HTTP status 200 ResTime 1.805 ms GET /feeling/65362f5401f9597b1b060752/options?type=
HTTP status 200 ResTime 1.944 ms GET /feeling/65362f5401f9597b1b060752?startTime=1704038400000&endTime=1706630400000
HTTP status 200 ResTime 1.120 ms GET /common/65362f5401f9597b1b060752/essay
HTTP status 200 ResTime 1.614 ms GET /users/refresh
HTTP status 304 ResTime 1.259 ms GET /users/refresh
HTTP status 304 ResTime 2.143 ms GET /users/refresh
HTTP status 200 ResTime 13.375 ms GET /feeling/65362f5401f9597b1b060752?startTime=1705852799995&endTime=1705852800005
HTTP status 304 ResTime 11.236 ms GET /users/refresh
HTTP status 200 ResTime 21.685 ms GET /feeling/65362f5401f9597b1b060752/options?type=
HTTP status 200 ResTime 18.181 ms GET /feeling/65362f5401f9597b1b060752?startTime=1704038400000&endTime=1706630400000
HTTP status 200 ResTime 5.658 ms GET /common/65362f5401f9597b1b060752/essay
HTTP status 200 ResTime 4.856 ms GET /feeling/65362f5401f9597b1b060752?startTime=1705852799995&endTime=1705852800005
HTTP status 200 ResTime 5.234 ms GET /feeling/65362f5401f9597b1b060752?startTime=1704038400000&endTime=1706630400000
HTTP status 200 ResTime 6.395 ms GET /feeling/65362f5401f9597b1b060752/options?type=
HTTP status 200 ResTime 2.951 ms GET /common/65362f5401f9597b1b060752/essay
HTTP status 200 ResTime 1.107 ms GET /users/refresh
HTTP status 304 ResTime 2.291 ms GET /users/refresh
HTTP status 304 ResTime 1.037 ms GET /users/refresh
HTTP status 304 ResTime 0.816 ms GET /users/refresh
HTTP status 200 ResTime 7.521 ms GET /feeling/65362f5401f9597b1b060752?startTime=1705852799995&endTime=1705852800005
HTTP status 200 ResTime 19.043 ms GET /feeling/65362f5401f9597b1b060752/options?type=
HTTP status 200 ResTime 23.461 ms GET /feeling/65362f5401f9597b1b060752?startTime=1704038400000&endTime=1706630400000
HTTP status 200 ResTime 24.561 ms GET /common/65362f5401f9597b1b060752/essay
HTTP status 200 ResTime 1.721 ms GET /feeling/65362f5401f9597b1b060752?startTime=1705852799995&endTime=1705852800005
HTTP status 200 ResTime 1.164 ms GET /feeling/65362f5401f9597b1b060752/options?type=
HTTP status 200 ResTime 2.091 ms GET /feeling/65362f5401f9597b1b060752?startTime=1704038400000&endTime=1706630400000
HTTP status 200 ResTime 3.562 ms GET /common/65362f5401f9597b1b060752/essay
HTTP status 200 ResTime 2.673 ms GET /users/refresh
HTTP status 304 ResTime 1.558 ms GET /users/refresh
HTTP status 304 ResTime 1.448 ms GET /users/refresh
HTTP status 200 ResTime 11.368 ms GET /feeling/65362f5401f9597b1b060752?startTime=1705852799995&endTime=1705852800005
HTTP status 304 ResTime 9.190 ms GET /users/refresh
HTTP status 200 ResTime 19.953 ms GET /feeling/65362f5401f9597b1b060752/options?type=
HTTP status 200 ResTime 20.271 ms GET /feeling/65362f5401f9597b1b060752?startTime=1704038400000&endTime=1706630400000
HTTP status 200 ResTime 6.336 ms GET /common/65362f5401f9597b1b060752/essay
HTTP status 200 ResTime 255.961 ms GET /report/65362f5401f9597b1b060752/dream_keyword_chart?startTime=1703174400000&endTime=1705852800000
HTTP status 200 ResTime 266.076 ms GET /report/65362f5401f9597b1b060752/memo_keyword_chart?startTime=1703174400000&endTime=1705852800000
HTTP status 304 ResTime 25.546 ms GET /report/65362f5401f9597b1b060752/score_pie_chart?startTime=1703174400000&endTime=1705852800000
HTTP status 304 ResTime 29.614 ms GET /report/65362f5401f9597b1b060752/score_line_chart?startTime=1703174400000&endTime=1705852800000
HTTP status 304 ResTime 37.352 ms GET /report/65362f5401f9597b1b060752/sleep_line_chart?startTime=1703174400000&endTime=1705852800000
HTTP status 304 ResTime 44.624 ms GET /report/65362f5401f9597b1b060752/score_day_bar?startTime=1703174400000&endTime=1705852800000
HTTP status 304 ResTime 53.506 ms GET /report/65362f5401f9597b1b060752/tags_score_chart?startTime=1703174400000&endTime=1705852800000
HTTP status 304 ResTime 51.155 ms GET /report/65362f5401f9597b1b060752/kol_score_chart?startTime=1703174400000&endTime=1705852800000
HTTP status 304 ResTime 12.342 ms GET /report/65362f5401f9597b1b060752/dream_keyword_chart?startTime=1703174400000&endTime=1705852800000
HTTP status 304 ResTime 17.178 ms GET /report/65362f5401f9597b1b060752/memo_keyword_chart?startTime=1703174400000&endTime=1705852800000
HTTP status 200 ResTime 1.316 ms GET /report/65362f5401f9597b1b060752/dream_keyword_chart?startTime=1703174400000&endTime=1705852800000
HTTP status 200 ResTime 1.504 ms GET /report/65362f5401f9597b1b060752/memo_keyword_chart?startTime=1703174400000&endTime=1705852800000
HTTP status 200 ResTime 0.806 ms GET /users/refresh
HTTP status 304 ResTime 1.366 ms GET /users/refresh
HTTP status 200 ResTime 10.808 ms GET /report/65362f5401f9597b1b060752/dream_keyword_chart?startTime=1703174400000&endTime=1705852800000
HTTP status 200 ResTime 18.264 ms GET /report/65362f5401f9597b1b060752/memo_keyword_chart?startTime=1703174400000&endTime=1705852800000
HTTP status 304 ResTime 23.683 ms GET /report/65362f5401f9597b1b060752/score_pie_chart?startTime=1703174400000&endTime=1705852800000
HTTP status 304 ResTime 29.067 ms GET /report/65362f5401f9597b1b060752/score_day_bar?startTime=1703174400000&endTime=1705852800000
HTTP status 304 ResTime 37.839 ms GET /report/65362f5401f9597b1b060752/score_line_chart?startTime=1703174400000&endTime=1705852800000
HTTP status 304 ResTime 45.455 ms GET /report/65362f5401f9597b1b060752/sleep_line_chart?startTime=1703174400000&endTime=1705852800000
HTTP status 304 ResTime 47.824 ms GET /report/65362f5401f9597b1b060752/tags_score_chart?startTime=1703174400000&endTime=1705852800000
HTTP status 304 ResTime 53.171 ms GET /report/65362f5401f9597b1b060752/kol_score_chart?startTime=1703174400000&endTime=1705852800000
HTTP status 304 ResTime 8.327 ms GET /feeling/65362f5401f9597b1b060752/options?type=
HTTP status 200 ResTime 13.882 ms GET /common/65362f5401f9597b1b060752/essay
HTTP status 200 ResTime 90.951 ms POST /users/login
HTTP status 200 ResTime 55.453 ms GET /feeling/65362f5401f9597b1b060752/options?type=
HTTP status 200 ResTime 71.551 ms GET /feeling/65362f5401f9597b1b060752?startTime=1704038400000&endTime=1706630400000
HTTP status 200 ResTime 93.707 ms GET /feeling/65362f5401f9597b1b060752?startTime=1705939199995&endTime=1705939200005
HTTP status 200 ResTime 105.725 ms GET /common/65362f5401f9597b1b060752/essay
HTTP status 200 ResTime 4.842 ms GET /report/65362f5401f9597b1b060752/score_pie_chart?startTime=1703260800000&endTime=1705939200000
HTTP status 200 ResTime 5.966 ms GET /report/65362f5401f9597b1b060752/score_line_chart?startTime=1703260800000&endTime=1705939200000
HTTP status 200 ResTime 7.098 ms GET /report/65362f5401f9597b1b060752/score_day_bar?startTime=1703260800000&endTime=1705939200000
HTTP status 200 ResTime 4.502 ms GET /report/65362f5401f9597b1b060752/sleep_line_chart?startTime=1703260800000&endTime=1705939200000
HTTP status 200 ResTime 4.795 ms GET /report/65362f5401f9597b1b060752/tags_score_chart?startTime=1703260800000&endTime=1705939200000
HTTP status 200 ResTime 5.026 ms GET /report/65362f5401f9597b1b060752/kol_score_chart?startTime=1703260800000&endTime=1705939200000
HTTP status 200 ResTime 2.832 ms GET /users/refresh
HTTP status 304 ResTime 1.874 ms GET /users/refresh
HTTP status 304 ResTime 2.069 ms GET /users/refresh
HTTP status 200 ResTime 20.227 ms GET /report/65362f5401f9597b1b060752/score_pie_chart?startTime=1703260800000&endTime=1705939200000
HTTP status 304 ResTime 18.721 ms GET /users/refresh
HTTP status 200 ResTime 34.016 ms GET /report/65362f5401f9597b1b060752/score_line_chart?startTime=1703260800000&endTime=1705939200000
HTTP status 200 ResTime 38.239 ms GET /report/65362f5401f9597b1b060752/score_day_bar?startTime=1703260800000&endTime=1705939200000
HTTP status 304 ResTime 33.561 ms GET /users/refresh
HTTP status 304 ResTime 1.151 ms GET /users/refresh
HTTP status 200 ResTime 10.514 ms GET /report/65362f5401f9597b1b060752/sleep_line_chart?startTime=1703260800000&endTime=1705939200000
HTTP status 200 ResTime 16.938 ms GET /report/65362f5401f9597b1b060752/tags_score_chart?startTime=1703260800000&endTime=1705939200000
HTTP status 200 ResTime 25.834 ms GET /report/65362f5401f9597b1b060752/kol_score_chart?startTime=1703260800000&endTime=1705939200000
HTTP status 200 ResTime 256.241 ms GET /report/65362f5401f9597b1b060752/dream_keyword_chart?startTime=1703260800000&endTime=1705939200000
HTTP status 200 ResTime 272.882 ms GET /report/65362f5401f9597b1b060752/memo_keyword_chart?startTime=1703260800000&endTime=1705939200000
HTTP status 200 ResTime 11.133 ms GET /report/65362f5401f9597b1b060752/dream_keyword_chart?startTime=1674403200000&endTime=1705939200000
HTTP status 200 ResTime 20.387 ms GET /report/65362f5401f9597b1b060752/memo_keyword_chart?startTime=1674403200000&endTime=1705939200000
HTTP status 304 ResTime 8.140 ms GET /report/65362f5401f9597b1b060752/dream_keyword_chart?startTime=1703260800000&endTime=1705939200000
HTTP status 304 ResTime 13.217 ms GET /report/65362f5401f9597b1b060752/memo_keyword_chart?startTime=1703260800000&endTime=1705939200000
HTTP status 200 ResTime 3.227 ms GET /report/65362f5401f9597b1b060752/dream_keyword_chart?startTime=1703260800000&endTime=1705939200000
HTTP status 200 ResTime 3.492 ms GET /report/65362f5401f9597b1b060752/memo_keyword_chart?startTime=1703260800000&endTime=1705939200000
HTTP status 200 ResTime 1.089 ms GET /users/refresh
HTTP status 304 ResTime 1.391 ms GET /users/refresh
HTTP status 200 ResTime 8.465 ms GET /report/65362f5401f9597b1b060752/dream_keyword_chart?startTime=1703260800000&endTime=1705939200000
HTTP status 200 ResTime 14.839 ms GET /report/65362f5401f9597b1b060752/memo_keyword_chart?startTime=1703260800000&endTime=1705939200000
HTTP status 304 ResTime 22.921 ms GET /report/65362f5401f9597b1b060752/score_line_chart?startTime=1703260800000&endTime=1705939200000
HTTP status 304 ResTime 33.197 ms GET /report/65362f5401f9597b1b060752/score_pie_chart?startTime=1703260800000&endTime=1705939200000
HTTP status 304 ResTime 41.772 ms GET /report/65362f5401f9597b1b060752/score_day_bar?startTime=1703260800000&endTime=1705939200000
HTTP status 304 ResTime 47.165 ms GET /report/65362f5401f9597b1b060752/sleep_line_chart?startTime=1703260800000&endTime=1705939200000
HTTP status 304 ResTime 52.194 ms GET /report/65362f5401f9597b1b060752/tags_score_chart?startTime=1703260800000&endTime=1705939200000
HTTP status 304 ResTime 33.422 ms GET /report/65362f5401f9597b1b060752/kol_score_chart?startTime=1703260800000&endTime=1705939200000
HTTP status 304 ResTime 9.298 ms GET /report/65362f5401f9597b1b060752/memo_keyword_chart?startTime=1703260800000&endTime=1705939200000
HTTP status 304 ResTime 15.046 ms GET /report/65362f5401f9597b1b060752/dream_keyword_chart?startTime=1703260800000&endTime=1705939200000
HTTP status 304 ResTime 13.462 ms GET /report/65362f5401f9597b1b060752/score_pie_chart?startTime=1703260800000&endTime=1705939200000
HTTP status 304 ResTime 27.656 ms GET /report/65362f5401f9597b1b060752/score_line_chart?startTime=1703260800000&endTime=1705939200000
HTTP status 304 ResTime 36.373 ms GET /report/65362f5401f9597b1b060752/score_day_bar?startTime=1703260800000&endTime=1705939200000
HTTP status 304 ResTime 40.339 ms GET /report/65362f5401f9597b1b060752/sleep_line_chart?startTime=1703260800000&endTime=1705939200000
HTTP status 304 ResTime 58.058 ms GET /report/65362f5401f9597b1b060752/kol_score_chart?startTime=1703260800000&endTime=1705939200000
HTTP status 304 ResTime 65.936 ms GET /report/65362f5401f9597b1b060752/tags_score_chart?startTime=1703260800000&endTime=1705939200000
HTTP status 200 ResTime 1.802 ms GET /report/65362f5401f9597b1b060752/dream_keyword_chart?startTime=1703260800000&endTime=1705939200000
HTTP status 200 ResTime 2.428 ms GET /report/65362f5401f9597b1b060752/memo_keyword_chart?startTime=1703260800000&endTime=1705939200000
HTTP status 200 ResTime 0.964 ms GET /users/refresh
HTTP status 304 ResTime 1.423 ms GET /users/refresh
HTTP status 200 ResTime 7.959 ms GET /report/65362f5401f9597b1b060752/dream_keyword_chart?startTime=1703260800000&endTime=1705939200000
HTTP status 200 ResTime 9.545 ms GET /report/65362f5401f9597b1b060752/memo_keyword_chart?startTime=1703260800000&endTime=1705939200000
HTTP status 304 ResTime 13.031 ms GET /report/65362f5401f9597b1b060752/dream_keyword_chart?startTime=1674403200000&endTime=1705939200000
HTTP status 304 ResTime 24.836 ms GET /report/65362f5401f9597b1b060752/memo_keyword_chart?startTime=1674403200000&endTime=1705939200000
HTTP status 304 ResTime 20.057 ms GET /report/65362f5401f9597b1b060752/score_pie_chart?startTime=1703260800000&endTime=1705939200000
HTTP status 304 ResTime 26.073 ms GET /report/65362f5401f9597b1b060752/score_line_chart?startTime=1703260800000&endTime=1705939200000
HTTP status 304 ResTime 29.436 ms GET /report/65362f5401f9597b1b060752/score_day_bar?startTime=1703260800000&endTime=1705939200000
HTTP status 304 ResTime 31.338 ms GET /report/65362f5401f9597b1b060752/sleep_line_chart?startTime=1703260800000&endTime=1705939200000
HTTP status 304 ResTime 35.560 ms GET /report/65362f5401f9597b1b060752/tags_score_chart?startTime=1703260800000&endTime=1705939200000
HTTP status 304 ResTime 30.886 ms GET /report/65362f5401f9597b1b060752/kol_score_chart?startTime=1703260800000&endTime=1705939200000
HTTP status 304 ResTime 10.283 ms GET /report/65362f5401f9597b1b060752/dream_keyword_chart?startTime=1703260800000&endTime=1705939200000
HTTP status 304 ResTime 16.173 ms GET /report/65362f5401f9597b1b060752/memo_keyword_chart?startTime=1703260800000&endTime=1705939200000
HTTP status 304 ResTime 7.318 ms GET /report/65362f5401f9597b1b060752/dream_keyword_chart?startTime=1674403200000&endTime=1705939200000
HTTP status 304 ResTime 12.225 ms GET /report/65362f5401f9597b1b060752/memo_keyword_chart?startTime=1674403200000&endTime=1705939200000
HTTP status 200 ResTime 70.020 ms POST /users/login
HTTP status 200 ResTime 54.502 ms POST /users/login
HTTP status 200 ResTime 74.690 ms GET /feeling/65362f5401f9597b1b060752/options?type=
HTTP status 200 ResTime 114.617 ms GET /feeling/65362f5401f9597b1b060752?startTime=1706111999995&endTime=1706112000005
HTTP status 200 ResTime 117.820 ms GET /feeling/65362f5401f9597b1b060752?startTime=1704038400000&endTime=1706630400000
HTTP status 200 ResTime 151.421 ms GET /common/65362f5401f9597b1b060752/essay
HTTP status 200 ResTime 41.002 ms GET /report/65362f5401f9597b1b060752/score_pie_chart?startTime=1703433600000&endTime=1706112000000
HTTP status 200 ResTime 56.892 ms GET /report/65362f5401f9597b1b060752/score_line_chart?startTime=1703433600000&endTime=1706112000000
HTTP status 200 ResTime 88.060 ms GET /report/65362f5401f9597b1b060752/score_day_bar?startTime=1703433600000&endTime=1706112000000
HTTP status 200 ResTime 102.340 ms GET /report/65362f5401f9597b1b060752/sleep_line_chart?startTime=1703433600000&endTime=1706112000000
HTTP status 200 ResTime 111.875 ms GET /report/65362f5401f9597b1b060752/tags_score_chart?startTime=1703433600000&endTime=1706112000000
HTTP status 200 ResTime 49.038 ms GET /report/65362f5401f9597b1b060752/kol_score_chart?startTime=1703433600000&endTime=1706112000000
HTTP status 200 ResTime 161.697 ms GET /report/65362f5401f9597b1b060752/dream_keyword_chart?startTime=1703433600000&endTime=1706112000000
HTTP status 200 ResTime 176.955 ms GET /report/65362f5401f9597b1b060752/memo_keyword_chart?startTime=1703433600000&endTime=1706112000000
HTTP status 200 ResTime 5.946 ms GET /report/65362f5401f9597b1b060752/score_pie_chart?startTime=1703433600000&endTime=1706112000000
HTTP status 200 ResTime 8.479 ms GET /report/65362f5401f9597b1b060752/score_line_chart?startTime=1703433600000&endTime=1706112000000
HTTP status 200 ResTime 3.817 ms GET /report/65362f5401f9597b1b060752/score_day_bar?startTime=1703433600000&endTime=1706112000000
HTTP status 200 ResTime 4.155 ms GET /report/65362f5401f9597b1b060752/sleep_line_chart?startTime=1703433600000&endTime=1706112000000
HTTP status 200 ResTime 5.018 ms GET /report/65362f5401f9597b1b060752/tags_score_chart?startTime=1703433600000&endTime=1706112000000
HTTP status 200 ResTime 5.856 ms GET /report/65362f5401f9597b1b060752/kol_score_chart?startTime=1703433600000&endTime=1706112000000
HTTP status 200 ResTime 3.063 ms GET /users/refresh
HTTP status 304 ResTime 2.217 ms GET /users/refresh
HTTP status 304 ResTime 4.281 ms GET /users/refresh
HTTP status 200 ResTime 18.035 ms GET /report/65362f5401f9597b1b060752/score_pie_chart?startTime=1703433600000&endTime=1706112000000
HTTP status 304 ResTime 3.095 ms GET /users/refresh
HTTP status 200 ResTime 29.545 ms GET /report/65362f5401f9597b1b060752/score_line_chart?startTime=1703433600000&endTime=1706112000000
HTTP status 200 ResTime 34.135 ms GET /report/65362f5401f9597b1b060752/score_day_bar?startTime=1703433600000&endTime=1706112000000
HTTP status 304 ResTime 16.078 ms GET /users/refresh
HTTP status 304 ResTime 1.456 ms GET /users/refresh
HTTP status 200 ResTime 14.679 ms GET /report/65362f5401f9597b1b060752/sleep_line_chart?startTime=1703433600000&endTime=1706112000000
HTTP status 200 ResTime 18.895 ms GET /report/65362f5401f9597b1b060752/tags_score_chart?startTime=1703433600000&endTime=1706112000000
HTTP status 200 ResTime 29.604 ms GET /report/65362f5401f9597b1b060752/kol_score_chart?startTime=1703433600000&endTime=1706112000000
HTTP status 304 ResTime 19.747 ms GET /feeling/65362f5401f9597b1b060752?startTime=1706111999995&endTime=1706112000005
HTTP status 304 ResTime 29.765 ms GET /feeling/65362f5401f9597b1b060752/options?type=
HTTP status 200 ResTime 50.823 ms GET /common/65362f5401f9597b1b060752/essay
HTTP status 304 ResTime 83.077 ms GET /feeling/65362f5401f9597b1b060752?startTime=1704038400000&endTime=1706630400000
HTTP status 200 ResTime 2.198 ms GET /feeling/65362f5401f9597b1b060752?startTime=1706111999995&endTime=1706112000005
HTTP status 200 ResTime 2.708 ms GET /feeling/65362f5401f9597b1b060752/options?type=
HTTP status 200 ResTime 3.503 ms GET /feeling/65362f5401f9597b1b060752?startTime=1704038400000&endTime=1706630400000
HTTP status 200 ResTime 1.669 ms GET /common/65362f5401f9597b1b060752/essay
HTTP status 200 ResTime 2.102 ms GET /users/refresh
HTTP status 304 ResTime 1.963 ms GET /users/refresh
HTTP status 304 ResTime 2.853 ms GET /users/refresh
HTTP status 200 ResTime 24.186 ms GET /feeling/65362f5401f9597b1b060752?startTime=1706111999995&endTime=1706112000005
HTTP status 200 ResTime 30.246 ms GET /feeling/65362f5401f9597b1b060752/options?type=
HTTP status 304 ResTime 31.369 ms GET /users/refresh
HTTP status 200 ResTime 32.767 ms GET /feeling/65362f5401f9597b1b060752?startTime=1704038400000&endTime=1706630400000
HTTP status 200 ResTime 11.053 ms GET /common/65362f5401f9597b1b060752/essay
HTTP status 200 ResTime 1.413 ms GET /feeling/65362f5401f9597b1b060752?startTime=1704815999995&endTime=1704816000005
HTTP status 200 ResTime 1.113 ms GET /users/refresh
HTTP status 200 ResTime 15.415 ms GET /feeling/65362f5401f9597b1b060752?startTime=1704815999995&endTime=1704816000005
HTTP status 304 ResTime 17.091 ms GET /feeling/65362f5401f9597b1b060752?startTime=1704815999995&endTime=1704816000005
HTTP status 200 ResTime 28.426 ms GET /feeling/65362f5401f9597b1b060752?startTime=1705334399995&endTime=1705334400005
HTTP status 304 ResTime 9.079 ms GET /feeling/65362f5401f9597b1b060752?startTime=1705334399995&endTime=1705334400005
HTTP status 200 ResTime 8.570 ms GET /feeling/65362f5401f9597b1b060752?startTime=1705852799995&endTime=1705852800005
HTTP status 304 ResTime 6.733 ms GET /feeling/65362f5401f9597b1b060752?startTime=1705852799995&endTime=1705852800005
HTTP status 200 ResTime 13.111 ms GET /feeling/65362f5401f9597b1b060752?startTime=1706457599995&endTime=1706457600005
HTTP status 304 ResTime 12.025 ms GET /feeling/65362f5401f9597b1b060752?startTime=1706457599995&endTime=1706457600005
HTTP status 304 ResTime 6.476 ms GET /feeling/65362f5401f9597b1b060752?startTime=1706111999995&endTime=1706112000005
HTTP status 200 ResTime 7.168 ms GET /feeling/65362f5401f9597b1b060752?startTime=1704902399995&endTime=1704902400005
HTTP status 304 ResTime 10.106 ms GET /feeling/65362f5401f9597b1b060752?startTime=1704902399995&endTime=1704902400005
HTTP status 200 ResTime 13.352 ms GET /feeling/65362f5401f9597b1b060752?startTime=1704988799995&endTime=1704988800005
HTTP status 304 ResTime 11.823 ms GET /feeling/65362f5401f9597b1b060752?startTime=1704988799995&endTime=1704988800005
HTTP status 200 ResTime 9.610 ms GET /feeling/65362f5401f9597b1b060752?startTime=1704729599995&endTime=1704729600005
HTTP status 304 ResTime 7.613 ms GET /feeling/65362f5401f9597b1b060752?startTime=1704729599995&endTime=1704729600005
HTTP status 304 ResTime 15.497 ms GET /report/65362f5401f9597b1b060752/score_pie_chart?startTime=1703433600000&endTime=1706112000000
HTTP status 304 ResTime 35.562 ms GET /report/65362f5401f9597b1b060752/score_line_chart?startTime=1703433600000&endTime=1706112000000
HTTP status 304 ResTime 46.112 ms GET /report/65362f5401f9597b1b060752/score_day_bar?startTime=1703433600000&endTime=1706112000000
HTTP status 304 ResTime 49.276 ms GET /report/65362f5401f9597b1b060752/kol_score_chart?startTime=1703433600000&endTime=1706112000000
HTTP status 304 ResTime 61.306 ms GET /report/65362f5401f9597b1b060752/tags_score_chart?startTime=1703433600000&endTime=1706112000000
HTTP status 304 ResTime 72.001 ms GET /report/65362f5401f9597b1b060752/sleep_line_chart?startTime=1703433600000&endTime=1706112000000
HTTP status 200 ResTime 1.150 ms GET /report/65362f5401f9597b1b060752/score_line_chart?startTime=1674576000000&endTime=1706112000000
HTTP status 200 ResTime 4.820 ms GET /report/65362f5401f9597b1b060752/sleep_line_chart?startTime=1674576000000&endTime=1706112000000
HTTP status 200 ResTime 5.435 ms GET /report/65362f5401f9597b1b060752/tags_score_chart?startTime=1674576000000&endTime=1706112000000
HTTP status 200 ResTime 6.345 ms GET /report/65362f5401f9597b1b060752/kol_score_chart?startTime=1674576000000&endTime=1706112000000
HTTP status 200 ResTime 7.361 ms GET /report/65362f5401f9597b1b060752/score_day_bar?startTime=1674576000000&endTime=1706112000000
HTTP status 200 ResTime 8.155 ms GET /report/65362f5401f9597b1b060752/score_pie_chart?startTime=1674576000000&endTime=1706112000000
HTTP status 200 ResTime 1.724 ms GET /users/refresh
HTTP status 304 ResTime 7.258 ms GET /users/refresh
HTTP status 200 ResTime 15.593 ms GET /report/65362f5401f9597b1b060752/score_line_chart?startTime=1674576000000&endTime=1706112000000
HTTP status 304 ResTime 12.683 ms GET /users/refresh
HTTP status 200 ResTime 11.213 ms GET /report/65362f5401f9597b1b060752/sleep_line_chart?startTime=1674576000000&endTime=1706112000000
HTTP status 304 ResTime 1.705 ms GET /users/refresh
HTTP status 304 ResTime 2.071 ms GET /users/refresh
HTTP status 304 ResTime 1.391 ms GET /users/refresh
HTTP status 200 ResTime 9.954 ms GET /report/65362f5401f9597b1b060752/tags_score_chart?startTime=1674576000000&endTime=1706112000000
HTTP status 200 ResTime 12.791 ms GET /report/65362f5401f9597b1b060752/kol_score_chart?startTime=1674576000000&endTime=1706112000000
HTTP status 200 ResTime 33.005 ms GET /report/65362f5401f9597b1b060752/score_day_bar?startTime=1674576000000&endTime=1706112000000
HTTP status 200 ResTime 40.154 ms GET /report/65362f5401f9597b1b060752/score_pie_chart?startTime=1674576000000&endTime=1706112000000
HTTP status 200 ResTime 1.503 ms GET /report/65362f5401f9597b1b060752/dream_keyword_chart?startTime=1703433600000&endTime=1706112000000
HTTP status 200 ResTime 1.519 ms GET /report/65362f5401f9597b1b060752/memo_keyword_chart?startTime=1703433600000&endTime=1706112000000
HTTP status 200 ResTime 1.097 ms GET /users/refresh
HTTP status 304 ResTime 1.605 ms GET /users/refresh
HTTP status 200 ResTime 9.120 ms GET /report/65362f5401f9597b1b060752/dream_keyword_chart?startTime=1703433600000&endTime=1706112000000
HTTP status 200 ResTime 8.520 ms GET /report/65362f5401f9597b1b060752/memo_keyword_chart?startTime=1703433600000&endTime=1706112000000
HTTP status 200 ResTime 2.360 ms GET /feeling/65362f5401f9597b1b060752?startTime=1706111999995&endTime=1706112000005
HTTP status 200 ResTime 3.144 ms GET /feeling/65362f5401f9597b1b060752/options?type=
HTTP status 200 ResTime 3.128 ms GET /feeling/65362f5401f9597b1b060752?startTime=1704038400000&endTime=1706630400000
HTTP status 200 ResTime 3.936 ms GET /common/65362f5401f9597b1b060752/essay
HTTP status 200 ResTime 0.959 ms GET /users/refresh
HTTP status 304 ResTime 2.880 ms GET /users/refresh
HTTP status 200 ResTime 13.918 ms GET /feeling/65362f5401f9597b1b060752?startTime=1706111999995&endTime=1706112000005
HTTP status 304 ResTime 11.396 ms GET /users/refresh
HTTP status 200 ResTime 13.600 ms GET /feeling/65362f5401f9597b1b060752/options?type=
HTTP status 304 ResTime 9.981 ms GET /users/refresh
HTTP status 200 ResTime 12.384 ms GET /feeling/65362f5401f9597b1b060752?startTime=1704038400000&endTime=1706630400000
HTTP status 200 ResTime 11.459 ms GET /common/65362f5401f9597b1b060752/essay
HTTP status 200 ResTime 3.668 ms GET /report/65362f5401f9597b1b060752/score_pie_chart?startTime=1703433600000&endTime=1706112000000
HTTP status 200 ResTime 8.258 ms GET /report/65362f5401f9597b1b060752/score_line_chart?startTime=1703433600000&endTime=1706112000000
HTTP status 200 ResTime 6.971 ms GET /report/65362f5401f9597b1b060752/score_day_bar?startTime=1703433600000&endTime=1706112000000
HTTP status 200 ResTime 7.119 ms GET /report/65362f5401f9597b1b060752/kol_score_chart?startTime=1703433600000&endTime=1706112000000
HTTP status 200 ResTime 8.060 ms GET /report/65362f5401f9597b1b060752/sleep_line_chart?startTime=1703433600000&endTime=1706112000000
HTTP status 200 ResTime 9.242 ms GET /report/65362f5401f9597b1b060752/tags_score_chart?startTime=1703433600000&endTime=1706112000000
HTTP status 200 ResTime 2.973 ms GET /users/refresh
HTTP status 304 ResTime 2.480 ms GET /users/refresh
HTTP status 304 ResTime 2.781 ms GET /users/refresh
HTTP status 200 ResTime 20.339 ms GET /report/65362f5401f9597b1b060752/score_pie_chart?startTime=1703433600000&endTime=1706112000000
HTTP status 304 ResTime 12.391 ms GET /users/refresh
HTTP status 200 ResTime 27.927 ms GET /report/65362f5401f9597b1b060752/score_line_chart?startTime=1703433600000&endTime=1706112000000
HTTP status 304 ResTime 1.438 ms GET /users/refresh
HTTP status 200 ResTime 31.942 ms GET /report/65362f5401f9597b1b060752/score_day_bar?startTime=1703433600000&endTime=1706112000000
HTTP status 304 ResTime 2.294 ms GET /users/refresh
HTTP status 200 ResTime 15.713 ms GET /report/65362f5401f9597b1b060752/kol_score_chart?startTime=1703433600000&endTime=1706112000000
HTTP status 200 ResTime 11.221 ms GET /report/65362f5401f9597b1b060752/sleep_line_chart?startTime=1703433600000&endTime=1706112000000
HTTP status 200 ResTime 17.651 ms GET /report/65362f5401f9597b1b060752/tags_score_chart?startTime=1703433600000&endTime=1706112000000
HTTP status 304 ResTime 15.724 ms GET /report/65362f5401f9597b1b060752/dream_keyword_chart?startTime=1703433600000&endTime=1706112000000
HTTP status 304 ResTime 28.139 ms GET /report/65362f5401f9597b1b060752/memo_keyword_chart?startTime=1703433600000&endTime=1706112000000
HTTP status 304 ResTime 26.621 ms GET /report/65362f5401f9597b1b060752/score_pie_chart?startTime=1703433600000&endTime=1706112000000
HTTP status 304 ResTime 38.171 ms GET /report/65362f5401f9597b1b060752/score_line_chart?startTime=1703433600000&endTime=1706112000000
HTTP status 304 ResTime 47.216 ms GET /report/65362f5401f9597b1b060752/score_day_bar?startTime=1703433600000&endTime=1706112000000
HTTP status 304 ResTime 55.280 ms GET /report/65362f5401f9597b1b060752/sleep_line_chart?startTime=1703433600000&endTime=1706112000000
HTTP status 304 ResTime 79.821 ms GET /report/65362f5401f9597b1b060752/tags_score_chart?startTime=1703433600000&endTime=1706112000000
HTTP status 304 ResTime 90.220 ms GET /report/65362f5401f9597b1b060752/kol_score_chart?startTime=1703433600000&endTime=1706112000000
HTTP status 304 ResTime 18.217 ms GET /report/65362f5401f9597b1b060752/dream_keyword_chart?startTime=1703433600000&endTime=1706112000000
HTTP status 304 ResTime 24.587 ms GET /report/65362f5401f9597b1b060752/memo_keyword_chart?startTime=1703433600000&endTime=1706112000000
HTTP status 200 ResTime 3.289 ms GET /report/65362f5401f9597b1b060752/dream_keyword_chart?startTime=1703433600000&endTime=1706112000000
HTTP status 200 ResTime 3.992 ms GET /report/65362f5401f9597b1b060752/memo_keyword_chart?startTime=1703433600000&endTime=1706112000000
HTTP status 200 ResTime 0.975 ms GET /users/refresh
HTTP status 304 ResTime 1.610 ms GET /users/refresh
HTTP status 200 ResTime 10.758 ms GET /report/65362f5401f9597b1b060752/dream_keyword_chart?startTime=1703433600000&endTime=1706112000000
HTTP status 200 ResTime 10.569 ms GET /report/65362f5401f9597b1b060752/memo_keyword_chart?startTime=1703433600000&endTime=1706112000000
HTTP status 304 ResTime 22.722 ms GET /report/65362f5401f9597b1b060752/score_pie_chart?startTime=1703433600000&endTime=1706112000000
HTTP status 304 ResTime 33.686 ms GET /report/65362f5401f9597b1b060752/score_line_chart?startTime=1703433600000&endTime=1706112000000
HTTP status 304 ResTime 40.854 ms GET /report/65362f5401f9597b1b060752/score_day_bar?startTime=1703433600000&endTime=1706112000000
HTTP status 304 ResTime 46.351 ms GET /report/65362f5401f9597b1b060752/sleep_line_chart?startTime=1703433600000&endTime=1706112000000
HTTP status 304 ResTime 41.261 ms GET /report/65362f5401f9597b1b060752/kol_score_chart?startTime=1703433600000&endTime=1706112000000
HTTP status 304 ResTime 30.039 ms GET /report/65362f5401f9597b1b060752/tags_score_chart?startTime=1703433600000&endTime=1706112000000
HTTP status 200 ResTime 3.351 ms GET /report/65362f5401f9597b1b060752/dream_keyword_chart?startTime=1703433600000&endTime=1706112000000
HTTP status 200 ResTime 3.809 ms GET /report/65362f5401f9597b1b060752/memo_keyword_chart?startTime=1703433600000&endTime=1706112000000
HTTP status 200 ResTime 1.418 ms GET /users/refresh
HTTP status 304 ResTime 1.443 ms GET /users/refresh
HTTP status 200 ResTime 11.149 ms GET /report/65362f5401f9597b1b060752/dream_keyword_chart?startTime=1703433600000&endTime=1706112000000
HTTP status 200 ResTime 12.104 ms GET /report/65362f5401f9597b1b060752/memo_keyword_chart?startTime=1703433600000&endTime=1706112000000
