HTTP status 200 ResTime 28.568 ms POST /users/login
HTTP status 304 ResTime 33.585 ms GET /feeling/65362f5401f9597b1b060752?startTime=1705420799995&endTime=1705420800005
HTTP status 304 ResTime 42.016 ms GET /feeling/65362f5401f9597b1b060752/options?type=
HTTP status 304 ResTime 51.499 ms GET /feeling/65362f5401f9597b1b060752?startTime=1704038400000&endTime=1706630400000
HTTP status 200 ResTime 59.987 ms GET /common/65362f5401f9597b1b060752/essay
HTTP status 304 ResTime 41.233 ms GET /report/65362f5401f9597b1b060752/score_pie_chart?startTime=1702742400000&endTime=1705420800000
HTTP status 304 ResTime 60.514 ms GET /report/65362f5401f9597b1b060752/score_line_chart?startTime=1702742400000&endTime=1705420800000
HTTP status 304 ResTime 87.694 ms GET /report/65362f5401f9597b1b060752/score_day_bar?startTime=1702742400000&endTime=1705420800000
HTTP status 304 ResTime 90.113 ms GET /report/65362f5401f9597b1b060752/kol_score_chart?startTime=1702742400000&endTime=1705420800000
HTTP status 304 ResTime 99.290 ms GET /report/65362f5401f9597b1b060752/tags_score_chart?startTime=1702742400000&endTime=1705420800000
HTTP status 304 ResTime 125.784 ms GET /report/65362f5401f9597b1b060752/sleep_line_chart?startTime=1702742400000&endTime=1705420800000
HTTP status 304 ResTime 114.308 ms GET /report/65362f5401f9597b1b060752/dream_keyword_chart?startTime=1702742400000&endTime=1705420800000
HTTP status 304 ResTime 117.387 ms GET /report/65362f5401f9597b1b060752/memo_keyword_chart?startTime=1702742400000&endTime=1705420800000
HTTP status 200 ResTime 34.083 ms POST /users/login
HTTP status 304 ResTime 31.438 ms GET /feeling/65362f5401f9597b1b060752?startTime=1705420799995&endTime=1705420800005
HTTP status 304 ResTime 43.205 ms GET /feeling/65362f5401f9597b1b060752/options?type=
HTTP status 304 ResTime 69.797 ms GET /feeling/65362f5401f9597b1b060752?startTime=1704038400000&endTime=1706630400000
HTTP status 200 ResTime 75.102 ms GET /common/65362f5401f9597b1b060752/essay
HTTP status 304 ResTime 25.706 ms GET /report/65362f5401f9597b1b060752/score_pie_chart?startTime=1702742400000&endTime=1705420800000
HTTP status 304 ResTime 47.364 ms GET /report/65362f5401f9597b1b060752/score_line_chart?startTime=1702742400000&endTime=1705420800000
HTTP status 304 ResTime 60.997 ms GET /report/65362f5401f9597b1b060752/score_day_bar?startTime=1702742400000&endTime=1705420800000
HTTP status 304 ResTime 70.433 ms GET /report/65362f5401f9597b1b060752/sleep_line_chart?startTime=1702742400000&endTime=1705420800000
HTTP status 304 ResTime 60.714 ms GET /report/65362f5401f9597b1b060752/kol_score_chart?startTime=1702742400000&endTime=1705420800000
HTTP status 304 ResTime 84.644 ms GET /report/65362f5401f9597b1b060752/tags_score_chart?startTime=1702742400000&endTime=1705420800000
HTTP status 200 ResTime 4.353 ms GET /report/65362f5401f9597b1b060752/score_pie_chart?startTime=1702742400000&endTime=1705420800000
HTTP status 200 ResTime 5.355 ms GET /report/65362f5401f9597b1b060752/score_line_chart?startTime=1702742400000&endTime=1705420800000
HTTP status 200 ResTime 7.492 ms GET /report/65362f5401f9597b1b060752/score_day_bar?startTime=1702742400000&endTime=1705420800000
HTTP status 200 ResTime 3.600 ms GET /report/65362f5401f9597b1b060752/sleep_line_chart?startTime=1702742400000&endTime=1705420800000
HTTP status 200 ResTime 3.461 ms GET /report/65362f5401f9597b1b060752/tags_score_chart?startTime=1702742400000&endTime=1705420800000
HTTP status 200 ResTime 3.183 ms GET /report/65362f5401f9597b1b060752/kol_score_chart?startTime=1702742400000&endTime=1705420800000
HTTP status 200 ResTime 4.389 ms POST /users/register
HTTP status 200 ResTime 3.953 ms POST /users/login
HTTP status 304 ResTime 11.772 ms GET /feeling/65362f5401f9597b1b060752?startTime=1705420799995&endTime=1705420800005
HTTP status 304 ResTime 23.242 ms GET /feeling/65362f5401f9597b1b060752/options?type=
HTTP status 304 ResTime 31.843 ms GET /feeling/65362f5401f9597b1b060752?startTime=1704038400000&endTime=1706630400000
HTTP status 200 ResTime 39.490 ms GET /common/65362f5401f9597b1b060752/essay
HTTP status 304 ResTime 8.300 ms GET /feeling/65362f5401f9597b1b060752/options?type=
HTTP status 200 ResTime 17.092 ms GET /common/65362f5401f9597b1b060752/essay
HTTP status 200 ResTime 14.843 ms GET /report/65362f5401f9597b1b060752/score_pie_chart?startTime=1702742400000&endTime=1705420800000
HTTP status 200 ResTime 20.186 ms GET /report/65362f5401f9597b1b060752/score_line_chart?startTime=1702742400000&endTime=1705420800000
HTTP status 200 ResTime 31.795 ms GET /report/65362f5401f9597b1b060752/score_day_bar?startTime=1702742400000&endTime=1705420800000
HTTP status 200 ResTime 37.147 ms GET /report/65362f5401f9597b1b060752/sleep_line_chart?startTime=1702742400000&endTime=1705420800000
HTTP status 200 ResTime 28.215 ms GET /report/65362f5401f9597b1b060752/kol_score_chart?startTime=1702742400000&endTime=1705420800000
HTTP status 200 ResTime 40.459 ms GET /report/65362f5401f9597b1b060752/tags_score_chart?startTime=1702742400000&endTime=1705420800000
HTTP status 304 ResTime 16.514 ms GET /report/65362f5401f9597b1b060752/score_pie_chart?startTime=1673884800000&endTime=1705420800000
HTTP status 304 ResTime 26.449 ms GET /report/65362f5401f9597b1b060752/score_line_chart?startTime=1673884800000&endTime=1705420800000
HTTP status 304 ResTime 50.301 ms GET /report/65362f5401f9597b1b060752/score_day_bar?startTime=1673884800000&endTime=1705420800000
HTTP status 304 ResTime 55.281 ms GET /report/65362f5401f9597b1b060752/sleep_line_chart?startTime=1673884800000&endTime=1705420800000
HTTP status 304 ResTime 63.633 ms GET /report/65362f5401f9597b1b060752/tags_score_chart?startTime=1673884800000&endTime=1705420800000
HTTP status 304 ResTime 70.261 ms GET /report/65362f5401f9597b1b060752/kol_score_chart?startTime=1673884800000&endTime=1705420800000
HTTP status 304 ResTime 21.859 ms GET /report/65362f5401f9597b1b060752/score_line_chart?startTime=1702742400000&endTime=1705420800000
HTTP status 304 ResTime 25.129 ms GET /report/65362f5401f9597b1b060752/score_pie_chart?startTime=1702742400000&endTime=1705420800000
HTTP status 304 ResTime 37.240 ms GET /report/65362f5401f9597b1b060752/score_day_bar?startTime=1702742400000&endTime=1705420800000
HTTP status 304 ResTime 41.124 ms GET /report/65362f5401f9597b1b060752/sleep_line_chart?startTime=1702742400000&endTime=1705420800000
HTTP status 304 ResTime 50.775 ms GET /report/65362f5401f9597b1b060752/kol_score_chart?startTime=1702742400000&endTime=1705420800000
HTTP status 304 ResTime 57.831 ms GET /report/65362f5401f9597b1b060752/tags_score_chart?startTime=1702742400000&endTime=1705420800000
HTTP status 304 ResTime 18.840 ms GET /report/65362f5401f9597b1b060752/score_pie_chart?startTime=1673884800000&endTime=1705420800000
HTTP status 304 ResTime 29.421 ms GET /report/65362f5401f9597b1b060752/score_line_chart?startTime=1673884800000&endTime=1705420800000
HTTP status 304 ResTime 45.412 ms GET /report/65362f5401f9597b1b060752/score_day_bar?startTime=1673884800000&endTime=1705420800000
HTTP status 304 ResTime 52.295 ms GET /report/65362f5401f9597b1b060752/tags_score_chart?startTime=1673884800000&endTime=1705420800000
HTTP status 304 ResTime 64.350 ms GET /report/65362f5401f9597b1b060752/sleep_line_chart?startTime=1673884800000&endTime=1705420800000
HTTP status 304 ResTime 69.611 ms GET /report/65362f5401f9597b1b060752/kol_score_chart?startTime=1673884800000&endTime=1705420800000
HTTP status 304 ResTime 12.430 ms GET /report/65362f5401f9597b1b060752/score_pie_chart?startTime=1702742400000&endTime=1705420800000
HTTP status 304 ResTime 17.604 ms GET /report/65362f5401f9597b1b060752/score_line_chart?startTime=1702742400000&endTime=1705420800000
HTTP status 304 ResTime 23.874 ms GET /report/65362f5401f9597b1b060752/score_day_bar?startTime=1702742400000&endTime=1705420800000
HTTP status 304 ResTime 27.583 ms GET /report/65362f5401f9597b1b060752/tags_score_chart?startTime=1702742400000&endTime=1705420800000
HTTP status 304 ResTime 32.852 ms GET /report/65362f5401f9597b1b060752/sleep_line_chart?startTime=1702742400000&endTime=1705420800000
HTTP status 304 ResTime 40.248 ms GET /report/65362f5401f9597b1b060752/kol_score_chart?startTime=1702742400000&endTime=1705420800000
HTTP status 304 ResTime 112.576 ms GET /report/65362f5401f9597b1b060752/dream_keyword_chart?startTime=1702742400000&endTime=1705420800000
HTTP status 304 ResTime 116.776 ms GET /report/65362f5401f9597b1b060752/memo_keyword_chart?startTime=1702742400000&endTime=1705420800000
HTTP status 200 ResTime 4.167 ms GET /feeling/65362f5401f9597b1b060752?startTime=1705420799995&endTime=1705420800005
HTTP status 200 ResTime 4.120 ms GET /feeling/65362f5401f9597b1b060752/options?type=
HTTP status 200 ResTime 5.813 ms GET /feeling/65362f5401f9597b1b060752?startTime=1704038400000&endTime=1706630400000
HTTP status 200 ResTime 3.118 ms GET /common/65362f5401f9597b1b060752/essay
HTTP status 200 ResTime 11.153 ms POST /users/login
HTTP status 200 ResTime 17.226 ms GET /feeling/65362f5401f9597b1b060752?startTime=1705420799995&endTime=1705420800005
HTTP status 200 ResTime 26.728 ms GET /feeling/65362f5401f9597b1b060752?startTime=1704038400000&endTime=1706630400000
HTTP status 200 ResTime 28.465 ms GET /feeling/65362f5401f9597b1b060752/options?type=
HTTP status 200 ResTime 29.061 ms GET /common/65362f5401f9597b1b060752/essay
HTTP status 304 ResTime 13.891 ms GET /report/65362f5401f9597b1b060752/score_pie_chart?startTime=1702742400000&endTime=1705420800000
HTTP status 304 ResTime 25.316 ms GET /report/65362f5401f9597b1b060752/score_line_chart?startTime=1702742400000&endTime=1705420800000
HTTP status 304 ResTime 37.233 ms GET /report/65362f5401f9597b1b060752/score_day_bar?startTime=1702742400000&endTime=1705420800000
HTTP status 304 ResTime 43.327 ms GET /report/65362f5401f9597b1b060752/sleep_line_chart?startTime=1702742400000&endTime=1705420800000
HTTP status 304 ResTime 46.225 ms GET /report/65362f5401f9597b1b060752/kol_score_chart?startTime=1702742400000&endTime=1705420800000
HTTP status 304 ResTime 55.441 ms GET /report/65362f5401f9597b1b060752/tags_score_chart?startTime=1702742400000&endTime=1705420800000
HTTP status 304 ResTime 17.032 ms GET /report/65362f5401f9597b1b060752/score_pie_chart?startTime=1673884800000&endTime=1705420800000
HTTP status 304 ResTime 26.523 ms GET /report/65362f5401f9597b1b060752/score_line_chart?startTime=1673884800000&endTime=1705420800000
HTTP status 304 ResTime 40.245 ms GET /report/65362f5401f9597b1b060752/score_day_bar?startTime=1673884800000&endTime=1705420800000
HTTP status 304 ResTime 47.649 ms GET /report/65362f5401f9597b1b060752/tags_score_chart?startTime=1673884800000&endTime=1705420800000
HTTP status 304 ResTime 60.655 ms GET /report/65362f5401f9597b1b060752/sleep_line_chart?startTime=1673884800000&endTime=1705420800000
HTTP status 304 ResTime 64.728 ms GET /report/65362f5401f9597b1b060752/kol_score_chart?startTime=1673884800000&endTime=1705420800000
HTTP status 304 ResTime 25.912 ms GET /report/65362f5401f9597b1b060752/score_pie_chart?startTime=1702742400000&endTime=1705420800000
HTTP status 304 ResTime 32.195 ms GET /report/65362f5401f9597b1b060752/score_line_chart?startTime=1702742400000&endTime=1705420800000
HTTP status 304 ResTime 38.221 ms GET /report/65362f5401f9597b1b060752/sleep_line_chart?startTime=1702742400000&endTime=1705420800000
HTTP status 304 ResTime 44.230 ms GET /report/65362f5401f9597b1b060752/tags_score_chart?startTime=1702742400000&endTime=1705420800000
HTTP status 304 ResTime 44.709 ms GET /report/65362f5401f9597b1b060752/score_day_bar?startTime=1702742400000&endTime=1705420800000
HTTP status 304 ResTime 52.635 ms GET /report/65362f5401f9597b1b060752/kol_score_chart?startTime=1702742400000&endTime=1705420800000
HTTP status 304 ResTime 16.808 ms GET /report/65362f5401f9597b1b060752/score_pie_chart?startTime=1673884800000&endTime=1705420800000
HTTP status 304 ResTime 41.425 ms GET /report/65362f5401f9597b1b060752/score_day_bar?startTime=1673884800000&endTime=1705420800000
HTTP status 304 ResTime 52.384 ms GET /report/65362f5401f9597b1b060752/score_line_chart?startTime=1673884800000&endTime=1705420800000
HTTP status 304 ResTime 54.811 ms GET /report/65362f5401f9597b1b060752/sleep_line_chart?startTime=1673884800000&endTime=1705420800000
HTTP status 304 ResTime 57.303 ms GET /report/65362f5401f9597b1b060752/kol_score_chart?startTime=1673884800000&endTime=1705420800000
HTTP status 304 ResTime 64.963 ms GET /report/65362f5401f9597b1b060752/tags_score_chart?startTime=1673884800000&endTime=1705420800000
HTTP status 304 ResTime 14.919 ms GET /report/65362f5401f9597b1b060752/score_pie_chart?startTime=1702742400000&endTime=1705420800000
HTTP status 304 ResTime 23.246 ms GET /report/65362f5401f9597b1b060752/score_line_chart?startTime=1702742400000&endTime=1705420800000
HTTP status 304 ResTime 38.027 ms GET /report/65362f5401f9597b1b060752/score_day_bar?startTime=1702742400000&endTime=1705420800000
HTTP status 304 ResTime 45.739 ms GET /report/65362f5401f9597b1b060752/sleep_line_chart?startTime=1702742400000&endTime=1705420800000
HTTP status 304 ResTime 54.145 ms GET /report/65362f5401f9597b1b060752/tags_score_chart?startTime=1702742400000&endTime=1705420800000
HTTP status 304 ResTime 61.117 ms GET /report/65362f5401f9597b1b060752/kol_score_chart?startTime=1702742400000&endTime=1705420800000
HTTP status 304 ResTime 14.830 ms GET /report/65362f5401f9597b1b060752/score_pie_chart?startTime=1673884800000&endTime=1705420800000
HTTP status 304 ResTime 32.878 ms GET /report/65362f5401f9597b1b060752/score_line_chart?startTime=1673884800000&endTime=1705420800000
HTTP status 304 ResTime 43.946 ms GET /report/65362f5401f9597b1b060752/score_day_bar?startTime=1673884800000&endTime=1705420800000
HTTP status 304 ResTime 39.372 ms GET /report/65362f5401f9597b1b060752/sleep_line_chart?startTime=1673884800000&endTime=1705420800000
HTTP status 304 ResTime 42.800 ms GET /report/65362f5401f9597b1b060752/tags_score_chart?startTime=1673884800000&endTime=1705420800000
HTTP status 304 ResTime 50.933 ms GET /report/65362f5401f9597b1b060752/kol_score_chart?startTime=1673884800000&endTime=1705420800000
HTTP status 304 ResTime 13.044 ms GET /report/65362f5401f9597b1b060752/score_pie_chart?startTime=1702742400000&endTime=1705420800000
HTTP status 304 ResTime 26.374 ms GET /report/65362f5401f9597b1b060752/score_line_chart?startTime=1702742400000&endTime=1705420800000
HTTP status 304 ResTime 28.651 ms GET /report/65362f5401f9597b1b060752/score_day_bar?startTime=1702742400000&endTime=1705420800000
HTTP status 304 ResTime 36.922 ms GET /report/65362f5401f9597b1b060752/tags_score_chart?startTime=1702742400000&endTime=1705420800000
HTTP status 304 ResTime 44.611 ms GET /report/65362f5401f9597b1b060752/sleep_line_chart?startTime=1702742400000&endTime=1705420800000
HTTP status 304 ResTime 51.619 ms GET /report/65362f5401f9597b1b060752/kol_score_chart?startTime=1702742400000&endTime=1705420800000
HTTP status 304 ResTime 15.009 ms GET /report/65362f5401f9597b1b060752/score_pie_chart?startTime=1673884800000&endTime=1705420800000
HTTP status 304 ResTime 29.145 ms GET /report/65362f5401f9597b1b060752/score_line_chart?startTime=1673884800000&endTime=1705420800000
HTTP status 304 ResTime 47.274 ms GET /report/65362f5401f9597b1b060752/score_day_bar?startTime=1673884800000&endTime=1705420800000
HTTP status 304 ResTime 73.504 ms GET /report/65362f5401f9597b1b060752/sleep_line_chart?startTime=1673884800000&endTime=1705420800000
HTTP status 304 ResTime 82.748 ms GET /report/65362f5401f9597b1b060752/tags_score_chart?startTime=1673884800000&endTime=1705420800000
HTTP status 304 ResTime 93.036 ms GET /report/65362f5401f9597b1b060752/kol_score_chart?startTime=1673884800000&endTime=1705420800000
HTTP status 304 ResTime 15.970 ms GET /report/65362f5401f9597b1b060752/score_pie_chart?startTime=1702742400000&endTime=1705420800000
HTTP status 304 ResTime 20.035 ms GET /report/65362f5401f9597b1b060752/score_line_chart?startTime=1702742400000&endTime=1705420800000
HTTP status 304 ResTime 25.049 ms GET /report/65362f5401f9597b1b060752/score_day_bar?startTime=1702742400000&endTime=1705420800000
HTTP status 304 ResTime 38.451 ms GET /report/65362f5401f9597b1b060752/sleep_line_chart?startTime=1702742400000&endTime=1705420800000
HTTP status 304 ResTime 44.664 ms GET /report/65362f5401f9597b1b060752/tags_score_chart?startTime=1702742400000&endTime=1705420800000
HTTP status 304 ResTime 51.228 ms GET /report/65362f5401f9597b1b060752/kol_score_chart?startTime=1702742400000&endTime=1705420800000
HTTP status 304 ResTime 11.297 ms GET /report/65362f5401f9597b1b060752/score_pie_chart?startTime=1702742400000&endTime=1705420800000
HTTP status 304 ResTime 21.420 ms GET /report/65362f5401f9597b1b060752/score_line_chart?startTime=1702742400000&endTime=1705420800000
HTTP status 304 ResTime 29.942 ms GET /report/65362f5401f9597b1b060752/score_day_bar?startTime=1702742400000&endTime=1705420800000
HTTP status 304 ResTime 32.128 ms GET /report/65362f5401f9597b1b060752/sleep_line_chart?startTime=1702742400000&endTime=1705420800000
HTTP status 304 ResTime 43.171 ms GET /report/65362f5401f9597b1b060752/tags_score_chart?startTime=1702742400000&endTime=1705420800000
HTTP status 304 ResTime 49.731 ms GET /report/65362f5401f9597b1b060752/kol_score_chart?startTime=1702742400000&endTime=1705420800000
HTTP status 304 ResTime 9.456 ms GET /report/65362f5401f9597b1b060752/score_pie_chart?startTime=1702742400000&endTime=1705420800000
HTTP status 304 ResTime 29.678 ms GET /report/65362f5401f9597b1b060752/score_line_chart?startTime=1702742400000&endTime=1705420800000
HTTP status 304 ResTime 29.211 ms GET /report/65362f5401f9597b1b060752/kol_score_chart?startTime=1702742400000&endTime=1705420800000
HTTP status 304 ResTime 34.236 ms GET /report/65362f5401f9597b1b060752/score_day_bar?startTime=1702742400000&endTime=1705420800000
HTTP status 304 ResTime 44.244 ms GET /report/65362f5401f9597b1b060752/tags_score_chart?startTime=1702742400000&endTime=1705420800000
HTTP status 304 ResTime 51.502 ms GET /report/65362f5401f9597b1b060752/sleep_line_chart?startTime=1702742400000&endTime=1705420800000
HTTP status 304 ResTime 13.061 ms GET /report/65362f5401f9597b1b060752/score_pie_chart?startTime=1673884800000&endTime=1705420800000
HTTP status 304 ResTime 28.575 ms GET /report/65362f5401f9597b1b060752/score_line_chart?startTime=1673884800000&endTime=1705420800000
HTTP status 304 ResTime 30.762 ms GET /report/65362f5401f9597b1b060752/score_day_bar?startTime=1673884800000&endTime=1705420800000
HTTP status 304 ResTime 36.894 ms GET /report/65362f5401f9597b1b060752/sleep_line_chart?startTime=1673884800000&endTime=1705420800000
HTTP status 304 ResTime 46.020 ms GET /report/65362f5401f9597b1b060752/tags_score_chart?startTime=1673884800000&endTime=1705420800000
HTTP status 304 ResTime 37.610 ms GET /report/65362f5401f9597b1b060752/kol_score_chart?startTime=1673884800000&endTime=1705420800000
HTTP status 304 ResTime 13.220 ms GET /report/65362f5401f9597b1b060752/score_pie_chart?startTime=1702742400000&endTime=1705420800000
HTTP status 304 ResTime 31.323 ms GET /report/65362f5401f9597b1b060752/score_line_chart?startTime=1702742400000&endTime=1705420800000
HTTP status 304 ResTime 32.702 ms GET /report/65362f5401f9597b1b060752/score_day_bar?startTime=1702742400000&endTime=1705420800000
HTTP status 304 ResTime 40.528 ms GET /report/65362f5401f9597b1b060752/sleep_line_chart?startTime=1702742400000&endTime=1705420800000
HTTP status 304 ResTime 41.468 ms GET /report/65362f5401f9597b1b060752/tags_score_chart?startTime=1702742400000&endTime=1705420800000
HTTP status 304 ResTime 46.156 ms GET /report/65362f5401f9597b1b060752/kol_score_chart?startTime=1702742400000&endTime=1705420800000
HTTP status 304 ResTime 8.456 ms GET /feeling/65362f5401f9597b1b060752?startTime=1705420799995&endTime=1705420800005
HTTP status 304 ResTime 16.936 ms GET /feeling/65362f5401f9597b1b060752/options?type=
HTTP status 304 ResTime 22.720 ms GET /feeling/65362f5401f9597b1b060752?startTime=1704038400000&endTime=1706630400000
HTTP status 200 ResTime 31.247 ms GET /common/65362f5401f9597b1b060752/essay
HTTP status 200 ResTime 6.119 ms GET /feeling/65362f5401f9597b1b060752?startTime=1704470399995&endTime=1704470400005
HTTP status 200 ResTime 62.519 ms POST /feeling/65362f5401f9597b1b060752
HTTP status 200 ResTime 8.472 ms GET /feeling/65362f5401f9597b1b060752?startTime=1704470399995&endTime=1704470400005
HTTP status 200 ResTime 19.157 ms GET /feeling/65362f5401f9597b1b060752?startTime=1704038400000&endTime=1706630400000
HTTP status 304 ResTime 10.892 ms GET /feeling/65362f5401f9597b1b060752?startTime=1704470399995&endTime=1704470400005
HTTP status 200 ResTime 13.067 ms GET /report/65362f5401f9597b1b060752/score_pie_chart?startTime=1702742400000&endTime=1705420800000
HTTP status 200 ResTime 26.378 ms GET /report/65362f5401f9597b1b060752/score_line_chart?startTime=1702742400000&endTime=1705420800000
HTTP status 200 ResTime 27.780 ms GET /report/65362f5401f9597b1b060752/score_day_bar?startTime=1702742400000&endTime=1705420800000
HTTP status 200 ResTime 35.490 ms GET /report/65362f5401f9597b1b060752/sleep_line_chart?startTime=1702742400000&endTime=1705420800000
HTTP status 304 ResTime 42.957 ms GET /report/65362f5401f9597b1b060752/tags_score_chart?startTime=1702742400000&endTime=1705420800000
HTTP status 304 ResTime 50.689 ms GET /report/65362f5401f9597b1b060752/kol_score_chart?startTime=1702742400000&endTime=1705420800000
HTTP status 200 ResTime 15.430 ms GET /report/65362f5401f9597b1b060752/score_pie_chart?startTime=1673884800000&endTime=1705420800000
HTTP status 200 ResTime 25.406 ms GET /report/65362f5401f9597b1b060752/score_line_chart?startTime=1673884800000&endTime=1705420800000
HTTP status 200 ResTime 37.323 ms GET /report/65362f5401f9597b1b060752/score_day_bar?startTime=1673884800000&endTime=1705420800000
HTTP status 304 ResTime 43.104 ms GET /report/65362f5401f9597b1b060752/tags_score_chart?startTime=1673884800000&endTime=1705420800000
HTTP status 200 ResTime 59.837 ms GET /report/65362f5401f9597b1b060752/sleep_line_chart?startTime=1673884800000&endTime=1705420800000
HTTP status 304 ResTime 63.045 ms GET /report/65362f5401f9597b1b060752/kol_score_chart?startTime=1673884800000&endTime=1705420800000
HTTP status 304 ResTime 11.465 ms GET /report/65362f5401f9597b1b060752/score_pie_chart?startTime=1702742400000&endTime=1705420800000
HTTP status 304 ResTime 16.750 ms GET /report/65362f5401f9597b1b060752/score_day_bar?startTime=1702742400000&endTime=1705420800000
HTTP status 304 ResTime 22.252 ms GET /report/65362f5401f9597b1b060752/score_line_chart?startTime=1702742400000&endTime=1705420800000
HTTP status 304 ResTime 27.995 ms GET /report/65362f5401f9597b1b060752/kol_score_chart?startTime=1702742400000&endTime=1705420800000
HTTP status 304 ResTime 33.833 ms GET /report/65362f5401f9597b1b060752/sleep_line_chart?startTime=1702742400000&endTime=1705420800000
HTTP status 304 ResTime 39.268 ms GET /report/65362f5401f9597b1b060752/tags_score_chart?startTime=1702742400000&endTime=1705420800000
HTTP status 200 ResTime 2.999 ms GET /report/65362f5401f9597b1b060752/score_pie_chart?startTime=1702742400000&endTime=1705420800000
HTTP status 200 ResTime 3.055 ms GET /report/65362f5401f9597b1b060752/score_line_chart?startTime=1702742400000&endTime=1705420800000
HTTP status 200 ResTime 1.405 ms GET /report/65362f5401f9597b1b060752/score_day_bar?startTime=1702742400000&endTime=1705420800000
HTTP status 200 ResTime 3.634 ms GET /report/65362f5401f9597b1b060752/sleep_line_chart?startTime=1702742400000&endTime=1705420800000
HTTP status 200 ResTime 3.368 ms GET /report/65362f5401f9597b1b060752/tags_score_chart?startTime=1702742400000&endTime=1705420800000
HTTP status 200 ResTime 4.493 ms GET /report/65362f5401f9597b1b060752/kol_score_chart?startTime=1702742400000&endTime=1705420800000
HTTP status 200 ResTime 7.729 ms POST /users/login
HTTP status 304 ResTime 10.056 ms GET /feeling/65362f5401f9597b1b060752?startTime=1705420799995&endTime=1705420800005
HTTP status 304 ResTime 16.088 ms GET /feeling/65362f5401f9597b1b060752/options?type=
HTTP status 304 ResTime 18.594 ms GET /feeling/65362f5401f9597b1b060752?startTime=1704038400000&endTime=1706630400000
HTTP status 200 ResTime 21.101 ms GET /common/65362f5401f9597b1b060752/essay
HTTP status 200 ResTime 16.223 ms GET /report/65362f5401f9597b1b060752/score_line_chart?startTime=1702742400000&endTime=1705420800000
HTTP status 200 ResTime 29.831 ms GET /report/65362f5401f9597b1b060752/score_pie_chart?startTime=1702742400000&endTime=1705420800000
HTTP status 200 ResTime 34.514 ms GET /report/65362f5401f9597b1b060752/score_day_bar?startTime=1702742400000&endTime=1705420800000
HTTP status 200 ResTime 40.044 ms GET /report/65362f5401f9597b1b060752/sleep_line_chart?startTime=1702742400000&endTime=1705420800000
HTTP status 200 ResTime 41.516 ms GET /report/65362f5401f9597b1b060752/kol_score_chart?startTime=1702742400000&endTime=1705420800000
HTTP status 200 ResTime 38.783 ms GET /report/65362f5401f9597b1b060752/tags_score_chart?startTime=1702742400000&endTime=1705420800000
HTTP status 304 ResTime 16.173 ms GET /report/65362f5401f9597b1b060752/score_pie_chart?startTime=1673884800000&endTime=1705420800000
HTTP status 304 ResTime 30.309 ms GET /report/65362f5401f9597b1b060752/score_line_chart?startTime=1673884800000&endTime=1705420800000
HTTP status 304 ResTime 36.562 ms GET /report/65362f5401f9597b1b060752/score_day_bar?startTime=1673884800000&endTime=1705420800000
HTTP status 304 ResTime 47.271 ms GET /report/65362f5401f9597b1b060752/tags_score_chart?startTime=1673884800000&endTime=1705420800000
HTTP status 304 ResTime 58.526 ms GET /report/65362f5401f9597b1b060752/sleep_line_chart?startTime=1673884800000&endTime=1705420800000
HTTP status 304 ResTime 58.284 ms GET /report/65362f5401f9597b1b060752/kol_score_chart?startTime=1673884800000&endTime=1705420800000
HTTP status 304 ResTime 8.579 ms GET /report/65362f5401f9597b1b060752/score_pie_chart?startTime=1702742400000&endTime=1705420800000
HTTP status 304 ResTime 22.255 ms GET /report/65362f5401f9597b1b060752/score_line_chart?startTime=1702742400000&endTime=1705420800000
HTTP status 304 ResTime 30.495 ms GET /report/65362f5401f9597b1b060752/score_day_bar?startTime=1702742400000&endTime=1705420800000
HTTP status 304 ResTime 37.486 ms GET /report/65362f5401f9597b1b060752/sleep_line_chart?startTime=1702742400000&endTime=1705420800000
HTTP status 304 ResTime 38.155 ms GET /report/65362f5401f9597b1b060752/tags_score_chart?startTime=1702742400000&endTime=1705420800000
HTTP status 304 ResTime 43.365 ms GET /report/65362f5401f9597b1b060752/kol_score_chart?startTime=1702742400000&endTime=1705420800000
HTTP status 304 ResTime 18.380 ms GET /report/65362f5401f9597b1b060752/score_pie_chart?startTime=1702742400000&endTime=1705420800000
HTTP status 304 ResTime 30.782 ms GET /report/65362f5401f9597b1b060752/score_line_chart?startTime=1702742400000&endTime=1705420800000
HTTP status 304 ResTime 37.677 ms GET /report/65362f5401f9597b1b060752/score_day_bar?startTime=1702742400000&endTime=1705420800000
HTTP status 304 ResTime 38.253 ms GET /report/65362f5401f9597b1b060752/sleep_line_chart?startTime=1702742400000&endTime=1705420800000
HTTP status 304 ResTime 27.513 ms GET /report/65362f5401f9597b1b060752/tags_score_chart?startTime=1702742400000&endTime=1705420800000
HTTP status 304 ResTime 25.176 ms GET /report/65362f5401f9597b1b060752/kol_score_chart?startTime=1702742400000&endTime=1705420800000
HTTP status 304 ResTime 17.027 ms GET /report/65362f5401f9597b1b060752/score_pie_chart?startTime=1673884800000&endTime=1705420800000
HTTP status 304 ResTime 27.811 ms GET /report/65362f5401f9597b1b060752/score_line_chart?startTime=1673884800000&endTime=1705420800000
HTTP status 304 ResTime 40.369 ms GET /report/65362f5401f9597b1b060752/sleep_line_chart?startTime=1673884800000&endTime=1705420800000
HTTP status 304 ResTime 48.867 ms GET /report/65362f5401f9597b1b060752/tags_score_chart?startTime=1673884800000&endTime=1705420800000
HTTP status 304 ResTime 62.522 ms GET /report/65362f5401f9597b1b060752/score_day_bar?startTime=1673884800000&endTime=1705420800000
HTTP status 304 ResTime 59.324 ms GET /report/65362f5401f9597b1b060752/kol_score_chart?startTime=1673884800000&endTime=1705420800000
HTTP status 304 ResTime 6.811 ms GET /report/65362f5401f9597b1b060752/score_pie_chart?startTime=1702742400000&endTime=1705420800000
HTTP status 304 ResTime 17.941 ms GET /report/65362f5401f9597b1b060752/score_day_bar?startTime=1702742400000&endTime=1705420800000
HTTP status 304 ResTime 23.870 ms GET /report/65362f5401f9597b1b060752/score_line_chart?startTime=1702742400000&endTime=1705420800000
HTTP status 304 ResTime 27.228 ms GET /report/65362f5401f9597b1b060752/sleep_line_chart?startTime=1702742400000&endTime=1705420800000
HTTP status 304 ResTime 31.568 ms GET /report/65362f5401f9597b1b060752/tags_score_chart?startTime=1702742400000&endTime=1705420800000
HTTP status 304 ResTime 33.694 ms GET /report/65362f5401f9597b1b060752/kol_score_chart?startTime=1702742400000&endTime=1705420800000
HTTP status 304 ResTime 8.977 ms GET /report/65362f5401f9597b1b060752/dream_keyword_chart?startTime=1702742400000&endTime=1705420800000
HTTP status 304 ResTime 11.896 ms GET /report/65362f5401f9597b1b060752/memo_keyword_chart?startTime=1702742400000&endTime=1705420800000
HTTP status 304 ResTime 21.480 ms GET /report/65362f5401f9597b1b060752/score_pie_chart?startTime=1702742400000&endTime=1705420800000
HTTP status 304 ResTime 28.716 ms GET /report/65362f5401f9597b1b060752/score_line_chart?startTime=1702742400000&endTime=1705420800000
HTTP status 304 ResTime 33.609 ms GET /report/65362f5401f9597b1b060752/score_day_bar?startTime=1702742400000&endTime=1705420800000
HTTP status 304 ResTime 37.750 ms GET /report/65362f5401f9597b1b060752/sleep_line_chart?startTime=1702742400000&endTime=1705420800000
HTTP status 304 ResTime 40.776 ms GET /report/65362f5401f9597b1b060752/kol_score_chart?startTime=1702742400000&endTime=1705420800000
HTTP status 304 ResTime 35.186 ms GET /report/65362f5401f9597b1b060752/tags_score_chart?startTime=1702742400000&endTime=1705420800000
HTTP status 304 ResTime 14.557 ms GET /feeling/65362f5401f9597b1b060752?startTime=1705420799995&endTime=1705420800005
HTTP status 304 ResTime 19.580 ms GET /feeling/65362f5401f9597b1b060752/options?type=
HTTP status 304 ResTime 28.893 ms GET /feeling/65362f5401f9597b1b060752?startTime=1704038400000&endTime=1706630400000
HTTP status 200 ResTime 29.524 ms GET /common/65362f5401f9597b1b060752/essay
HTTP status 304 ResTime 10.583 ms GET /report/65362f5401f9597b1b060752/dream_keyword_chart?startTime=1702742400000&endTime=1705420800000
HTTP status 304 ResTime 15.958 ms GET /report/65362f5401f9597b1b060752/memo_keyword_chart?startTime=1702742400000&endTime=1705420800000
HTTP status 304 ResTime 18.844 ms GET /report/65362f5401f9597b1b060752/dream_keyword_chart?startTime=1673884800000&endTime=1705420800000
HTTP status 304 ResTime 27.456 ms GET /report/65362f5401f9597b1b060752/memo_keyword_chart?startTime=1673884800000&endTime=1705420800000
HTTP status 304 ResTime 14.488 ms GET /report/65362f5401f9597b1b060752/score_pie_chart?startTime=1702742400000&endTime=1705420800000
HTTP status 304 ResTime 23.683 ms GET /report/65362f5401f9597b1b060752/score_line_chart?startTime=1702742400000&endTime=1705420800000
HTTP status 304 ResTime 24.308 ms GET /report/65362f5401f9597b1b060752/tags_score_chart?startTime=1702742400000&endTime=1705420800000
HTTP status 304 ResTime 28.061 ms GET /report/65362f5401f9597b1b060752/sleep_line_chart?startTime=1702742400000&endTime=1705420800000
HTTP status 304 ResTime 34.377 ms GET /report/65362f5401f9597b1b060752/kol_score_chart?startTime=1702742400000&endTime=1705420800000
HTTP status 304 ResTime 34.630 ms GET /report/65362f5401f9597b1b060752/score_day_bar?startTime=1702742400000&endTime=1705420800000
HTTP status 304 ResTime 16.649 ms GET /report/65362f5401f9597b1b060752/score_pie_chart?startTime=1673884800000&endTime=1705420800000
HTTP status 304 ResTime 21.575 ms GET /report/65362f5401f9597b1b060752/score_line_chart?startTime=1673884800000&endTime=1705420800000
HTTP status 304 ResTime 31.452 ms GET /report/65362f5401f9597b1b060752/score_day_bar?startTime=1673884800000&endTime=1705420800000
HTTP status 304 ResTime 34.854 ms GET /report/65362f5401f9597b1b060752/sleep_line_chart?startTime=1673884800000&endTime=1705420800000
HTTP status 304 ResTime 40.904 ms GET /report/65362f5401f9597b1b060752/tags_score_chart?startTime=1673884800000&endTime=1705420800000
HTTP status 304 ResTime 43.485 ms GET /report/65362f5401f9597b1b060752/kol_score_chart?startTime=1673884800000&endTime=1705420800000
HTTP status 304 ResTime 8.949 ms GET /report/65362f5401f9597b1b060752/score_pie_chart?startTime=1702742400000&endTime=1705420800000
HTTP status 304 ResTime 16.854 ms GET /report/65362f5401f9597b1b060752/score_line_chart?startTime=1702742400000&endTime=1705420800000
HTTP status 304 ResTime 17.495 ms GET /report/65362f5401f9597b1b060752/score_day_bar?startTime=1702742400000&endTime=1705420800000
HTTP status 304 ResTime 23.262 ms GET /report/65362f5401f9597b1b060752/sleep_line_chart?startTime=1702742400000&endTime=1705420800000
HTTP status 304 ResTime 29.991 ms GET /report/65362f5401f9597b1b060752/tags_score_chart?startTime=1702742400000&endTime=1705420800000
HTTP status 304 ResTime 33.472 ms GET /report/65362f5401f9597b1b060752/kol_score_chart?startTime=1702742400000&endTime=1705420800000
HTTP status 304 ResTime 11.327 ms GET /report/65362f5401f9597b1b060752/score_pie_chart?startTime=1673884800000&endTime=1705420800000
HTTP status 304 ResTime 17.368 ms GET /report/65362f5401f9597b1b060752/score_line_chart?startTime=1673884800000&endTime=1705420800000
HTTP status 304 ResTime 23.768 ms GET /report/65362f5401f9597b1b060752/tags_score_chart?startTime=1673884800000&endTime=1705420800000
HTTP status 304 ResTime 29.920 ms GET /report/65362f5401f9597b1b060752/sleep_line_chart?startTime=1673884800000&endTime=1705420800000
HTTP status 304 ResTime 39.831 ms GET /report/65362f5401f9597b1b060752/score_day_bar?startTime=1673884800000&endTime=1705420800000
HTTP status 304 ResTime 43.218 ms GET /report/65362f5401f9597b1b060752/kol_score_chart?startTime=1673884800000&endTime=1705420800000
HTTP status 304 ResTime 9.629 ms GET /report/65362f5401f9597b1b060752/dream_keyword_chart?startTime=1702742400000&endTime=1705420800000
HTTP status 304 ResTime 13.454 ms GET /report/65362f5401f9597b1b060752/memo_keyword_chart?startTime=1702742400000&endTime=1705420800000
HTTP status 304 ResTime 8.430 ms GET /report/65362f5401f9597b1b060752/dream_keyword_chart?startTime=1673884800000&endTime=1705420800000
HTTP status 304 ResTime 14.816 ms GET /report/65362f5401f9597b1b060752/memo_keyword_chart?startTime=1673884800000&endTime=1705420800000
HTTP status 304 ResTime 10.419 ms GET /report/65362f5401f9597b1b060752/dream_keyword_chart?startTime=1702742400000&endTime=1705420800000
HTTP status 304 ResTime 17.403 ms GET /report/65362f5401f9597b1b060752/memo_keyword_chart?startTime=1702742400000&endTime=1705420800000
HTTP status 304 ResTime 8.492 ms GET /report/65362f5401f9597b1b060752/dream_keyword_chart?startTime=1673884800000&endTime=1705420800000
HTTP status 304 ResTime 14.122 ms GET /report/65362f5401f9597b1b060752/memo_keyword_chart?startTime=1673884800000&endTime=1705420800000
HTTP status 304 ResTime 6.958 ms GET /report/65362f5401f9597b1b060752/dream_keyword_chart?startTime=1702742400000&endTime=1705420800000
HTTP status 304 ResTime 10.432 ms GET /report/65362f5401f9597b1b060752/memo_keyword_chart?startTime=1702742400000&endTime=1705420800000
HTTP status 304 ResTime 9.887 ms GET /report/65362f5401f9597b1b060752/memo_keyword_chart?startTime=1702742400000&endTime=1705420800000
HTTP status 304 ResTime 14.357 ms GET /report/65362f5401f9597b1b060752/dream_keyword_chart?startTime=1702742400000&endTime=1705420800000
HTTP status 304 ResTime 14.048 ms GET /report/65362f5401f9597b1b060752/score_pie_chart?startTime=1702742400000&endTime=1705420800000
HTTP status 304 ResTime 18.152 ms GET /report/65362f5401f9597b1b060752/score_line_chart?startTime=1702742400000&endTime=1705420800000
HTTP status 304 ResTime 23.471 ms GET /report/65362f5401f9597b1b060752/score_day_bar?startTime=1702742400000&endTime=1705420800000
HTTP status 304 ResTime 27.327 ms GET /report/65362f5401f9597b1b060752/tags_score_chart?startTime=1702742400000&endTime=1705420800000
HTTP status 304 ResTime 31.757 ms GET /report/65362f5401f9597b1b060752/sleep_line_chart?startTime=1702742400000&endTime=1705420800000
HTTP status 304 ResTime 24.731 ms GET /report/65362f5401f9597b1b060752/kol_score_chart?startTime=1702742400000&endTime=1705420800000
HTTP status 304 ResTime 9.719 ms GET /report/65362f5401f9597b1b060752/score_pie_chart?startTime=1702742400000&endTime=1705420800000
HTTP status 304 ResTime 18.569 ms GET /report/65362f5401f9597b1b060752/score_line_chart?startTime=1702742400000&endTime=1705420800000
HTTP status 304 ResTime 13.703 ms GET /report/65362f5401f9597b1b060752/sleep_line_chart?startTime=1702742400000&endTime=1705420800000
HTTP status 304 ResTime 21.168 ms GET /report/65362f5401f9597b1b060752/score_day_bar?startTime=1702742400000&endTime=1705420800000
HTTP status 304 ResTime 24.337 ms GET /report/65362f5401f9597b1b060752/kol_score_chart?startTime=1702742400000&endTime=1705420800000
HTTP status 304 ResTime 32.870 ms GET /report/65362f5401f9597b1b060752/tags_score_chart?startTime=1702742400000&endTime=1705420800000
HTTP status 304 ResTime 16.685 ms GET /report/65362f5401f9597b1b060752/memo_keyword_chart?startTime=1702742400000&endTime=1705420800000
HTTP status 304 ResTime 25.908 ms GET /report/65362f5401f9597b1b060752/dream_keyword_chart?startTime=1702742400000&endTime=1705420800000
HTTP status 304 ResTime 17.544 ms GET /report/65362f5401f9597b1b060752/dream_keyword_chart?startTime=1673884800000&endTime=1705420800000
HTTP status 304 ResTime 27.859 ms GET /report/65362f5401f9597b1b060752/memo_keyword_chart?startTime=1673884800000&endTime=1705420800000
HTTP status 304 ResTime 15.001 ms GET /feeling/65362f5401f9597b1b060752?startTime=1705420799995&endTime=1705420800005
HTTP status 304 ResTime 23.549 ms GET /feeling/65362f5401f9597b1b060752/options?type=
HTTP status 304 ResTime 23.464 ms GET /feeling/65362f5401f9597b1b060752?startTime=1704038400000&endTime=1706630400000
HTTP status 200 ResTime 21.909 ms GET /common/65362f5401f9597b1b060752/essay
HTTP status 304 ResTime 20.951 ms GET /report/65362f5401f9597b1b060752/score_line_chart?startTime=1702742400000&endTime=1705420800000
HTTP status 304 ResTime 26.398 ms GET /report/65362f5401f9597b1b060752/score_pie_chart?startTime=1702742400000&endTime=1705420800000
HTTP status 304 ResTime 32.986 ms GET /report/65362f5401f9597b1b060752/score_day_bar?startTime=1702742400000&endTime=1705420800000
HTTP status 304 ResTime 36.449 ms GET /report/65362f5401f9597b1b060752/sleep_line_chart?startTime=1702742400000&endTime=1705420800000
HTTP status 304 ResTime 34.651 ms GET /report/65362f5401f9597b1b060752/tags_score_chart?startTime=1702742400000&endTime=1705420800000
HTTP status 304 ResTime 41.400 ms GET /report/65362f5401f9597b1b060752/kol_score_chart?startTime=1702742400000&endTime=1705420800000
HTTP status 304 ResTime 8.025 ms GET /report/65362f5401f9597b1b060752/memo_keyword_chart?startTime=1702742400000&endTime=1705420800000
HTTP status 304 ResTime 12.050 ms GET /report/65362f5401f9597b1b060752/dream_keyword_chart?startTime=1702742400000&endTime=1705420800000
HTTP status 304 ResTime 6.787 ms GET /report/65362f5401f9597b1b060752/dream_keyword_chart?startTime=1702742400000&endTime=1705420800000
HTTP status 304 ResTime 14.321 ms GET /report/65362f5401f9597b1b060752/memo_keyword_chart?startTime=1702742400000&endTime=1705420800000
HTTP status 304 ResTime 18.861 ms GET /report/65362f5401f9597b1b060752/dream_keyword_chart?startTime=1702742400000&endTime=1705420800000
HTTP status 304 ResTime 24.047 ms GET /report/65362f5401f9597b1b060752/memo_keyword_chart?startTime=1702742400000&endTime=1705420800000
HTTP status 304 ResTime 8.562 ms GET /report/65362f5401f9597b1b060752/dream_keyword_chart?startTime=1702742400000&endTime=1705420800000
HTTP status 304 ResTime 14.377 ms GET /report/65362f5401f9597b1b060752/memo_keyword_chart?startTime=1702742400000&endTime=1705420800000
HTTP status 304 ResTime 7.133 ms GET /report/65362f5401f9597b1b060752/dream_keyword_chart?startTime=1673884800000&endTime=1705420800000
HTTP status 304 ResTime 11.733 ms GET /report/65362f5401f9597b1b060752/memo_keyword_chart?startTime=1673884800000&endTime=1705420800000
HTTP status 304 ResTime 7.445 ms GET /report/65362f5401f9597b1b060752/dream_keyword_chart?startTime=1702742400000&endTime=1705420800000
HTTP status 304 ResTime 10.723 ms GET /report/65362f5401f9597b1b060752/memo_keyword_chart?startTime=1702742400000&endTime=1705420800000
HTTP status 200 ResTime 1.405 ms GET /report/65362f5401f9597b1b060752/dream_keyword_chart?startTime=1702742400000&endTime=1705420800000
HTTP status 200 ResTime 1.457 ms GET /report/65362f5401f9597b1b060752/memo_keyword_chart?startTime=1702742400000&endTime=1705420800000
HTTP status 200 ResTime 8.560 ms POST /users/login
HTTP status 304 ResTime 11.352 ms GET /feeling/65362f5401f9597b1b060752/options?type=
HTTP status 304 ResTime 25.132 ms GET /feeling/65362f5401f9597b1b060752?startTime=1705420799995&endTime=1705420800005
HTTP status 304 ResTime 32.302 ms GET /feeling/65362f5401f9597b1b060752?startTime=1704038400000&endTime=1706630400000
HTTP status 200 ResTime 39.941 ms GET /common/65362f5401f9597b1b060752/essay
HTTP status 304 ResTime 15.534 ms GET /report/65362f5401f9597b1b060752/score_pie_chart?startTime=1702742400000&endTime=1705420800000
HTTP status 304 ResTime 25.296 ms GET /report/65362f5401f9597b1b060752/score_line_chart?startTime=1702742400000&endTime=1705420800000
HTTP status 304 ResTime 35.613 ms GET /report/65362f5401f9597b1b060752/score_day_bar?startTime=1702742400000&endTime=1705420800000
HTTP status 304 ResTime 41.025 ms GET /report/65362f5401f9597b1b060752/sleep_line_chart?startTime=1702742400000&endTime=1705420800000
HTTP status 304 ResTime 44.455 ms GET /report/65362f5401f9597b1b060752/tags_score_chart?startTime=1702742400000&endTime=1705420800000
HTTP status 304 ResTime 23.144 ms GET /report/65362f5401f9597b1b060752/kol_score_chart?startTime=1702742400000&endTime=1705420800000
HTTP status 200 ResTime 7.632 ms GET /report/65362f5401f9597b1b060752/memo_keyword_chart?startTime=1702742400000&endTime=1705420800000
HTTP status 200 ResTime 13.959 ms GET /report/65362f5401f9597b1b060752/dream_keyword_chart?startTime=1702742400000&endTime=1705420800000
HTTP status 304 ResTime 7.900 ms GET /report/65362f5401f9597b1b060752/dream_keyword_chart?startTime=1702742400000&endTime=1705420800000
HTTP status 304 ResTime 15.675 ms GET /report/65362f5401f9597b1b060752/memo_keyword_chart?startTime=1702742400000&endTime=1705420800000
HTTP status 304 ResTime 11.010 ms GET /report/65362f5401f9597b1b060752/dream_keyword_chart?startTime=1702742400000&endTime=1705420800000
HTTP status 304 ResTime 16.357 ms GET /report/65362f5401f9597b1b060752/memo_keyword_chart?startTime=1702742400000&endTime=1705420800000
HTTP status 304 ResTime 5.774 ms GET /report/65362f5401f9597b1b060752/dream_keyword_chart?startTime=1702742400000&endTime=1705420800000
HTTP status 304 ResTime 9.923 ms GET /report/65362f5401f9597b1b060752/memo_keyword_chart?startTime=1702742400000&endTime=1705420800000
HTTP status 304 ResTime 8.925 ms GET /report/65362f5401f9597b1b060752/dream_keyword_chart?startTime=1702742400000&endTime=1705420800000
HTTP status 304 ResTime 16.517 ms GET /report/65362f5401f9597b1b060752/memo_keyword_chart?startTime=1702742400000&endTime=1705420800000
HTTP status 304 ResTime 7.219 ms GET /report/65362f5401f9597b1b060752/dream_keyword_chart?startTime=1702742400000&endTime=1705420800000
HTTP status 304 ResTime 13.200 ms GET /report/65362f5401f9597b1b060752/memo_keyword_chart?startTime=1702742400000&endTime=1705420800000
HTTP status 304 ResTime 8.917 ms GET /report/65362f5401f9597b1b060752/dream_keyword_chart?startTime=1702742400000&endTime=1705420800000
HTTP status 304 ResTime 15.670 ms GET /report/65362f5401f9597b1b060752/memo_keyword_chart?startTime=1702742400000&endTime=1705420800000
HTTP status 304 ResTime 21.736 ms GET /report/65362f5401f9597b1b060752/score_pie_chart?startTime=1702742400000&endTime=1705420800000
HTTP status 304 ResTime 32.335 ms GET /report/65362f5401f9597b1b060752/score_line_chart?startTime=1702742400000&endTime=1705420800000
HTTP status 304 ResTime 48.109 ms GET /report/65362f5401f9597b1b060752/sleep_line_chart?startTime=1702742400000&endTime=1705420800000
HTTP status 304 ResTime 57.483 ms GET /report/65362f5401f9597b1b060752/score_day_bar?startTime=1702742400000&endTime=1705420800000
HTTP status 304 ResTime 55.453 ms GET /report/65362f5401f9597b1b060752/tags_score_chart?startTime=1702742400000&endTime=1705420800000
HTTP status 304 ResTime 65.867 ms GET /report/65362f5401f9597b1b060752/kol_score_chart?startTime=1702742400000&endTime=1705420800000
HTTP status 304 ResTime 10.380 ms GET /report/65362f5401f9597b1b060752/dream_keyword_chart?startTime=1702742400000&endTime=1705420800000
HTTP status 304 ResTime 16.148 ms GET /report/65362f5401f9597b1b060752/memo_keyword_chart?startTime=1702742400000&endTime=1705420800000
HTTP status 304 ResTime 8.476 ms GET /report/65362f5401f9597b1b060752/memo_keyword_chart?startTime=1702742400000&endTime=1705420800000
HTTP status 304 ResTime 12.566 ms GET /report/65362f5401f9597b1b060752/dream_keyword_chart?startTime=1702742400000&endTime=1705420800000
HTTP status 304 ResTime 7.793 ms GET /report/65362f5401f9597b1b060752/dream_keyword_chart?startTime=1702742400000&endTime=1705420800000
HTTP status 304 ResTime 12.284 ms GET /report/65362f5401f9597b1b060752/memo_keyword_chart?startTime=1702742400000&endTime=1705420800000
HTTP status 304 ResTime 13.272 ms GET /report/65362f5401f9597b1b060752/score_pie_chart?startTime=1702742400000&endTime=1705420800000
HTTP status 304 ResTime 21.659 ms GET /report/65362f5401f9597b1b060752/score_line_chart?startTime=1702742400000&endTime=1705420800000
HTTP status 304 ResTime 29.659 ms GET /report/65362f5401f9597b1b060752/score_day_bar?startTime=1702742400000&endTime=1705420800000
HTTP status 304 ResTime 37.333 ms GET /report/65362f5401f9597b1b060752/sleep_line_chart?startTime=1702742400000&endTime=1705420800000
HTTP status 304 ResTime 44.491 ms GET /report/65362f5401f9597b1b060752/tags_score_chart?startTime=1702742400000&endTime=1705420800000
HTTP status 304 ResTime 50.563 ms GET /report/65362f5401f9597b1b060752/kol_score_chart?startTime=1702742400000&endTime=1705420800000
HTTP status 304 ResTime 7.678 ms GET /feeling/65362f5401f9597b1b060752?startTime=1705420799995&endTime=1705420800005
HTTP status 304 ResTime 12.433 ms GET /feeling/65362f5401f9597b1b060752/options?type=
HTTP status 304 ResTime 19.345 ms GET /feeling/65362f5401f9597b1b060752?startTime=1704038400000&endTime=1706630400000
HTTP status 200 ResTime 25.674 ms GET /common/65362f5401f9597b1b060752/essay
